{"/home/travis/build/npmtest/node-npmtest-fb/test.js":{"path":"/home/travis/build/npmtest/node-npmtest-fb/test.js","s":{"1":2,"2":2,"3":2,"4":2,"5":2,"6":2,"7":2,"8":1,"9":2,"10":2,"11":1,"12":1,"13":1,"14":1,"15":2,"16":2,"17":2,"18":2,"19":1,"20":1,"21":2,"22":2,"23":2,"24":1,"25":1,"26":1,"27":1,"28":1,"29":1,"30":1,"31":1,"32":1,"33":1,"34":1,"35":1,"36":1,"37":2,"38":2,"39":1,"40":2,"41":2,"42":1,"43":2,"44":2,"45":1,"46":2,"47":2,"48":1,"49":1,"50":1,"51":1,"52":1},"b":{"1":[2,1,1,1],"2":[1,1,1,1],"3":[1,1],"4":[1,1],"5":[1,1],"6":[1,1],"7":[1,1],"8":[1,1],"9":[1,1,1],"10":[1,1],"11":[1,1],"12":[1,1],"13":[1,1],"14":[1,1],"15":[1,1],"16":[1,1]},"f":{"1":2,"2":2,"3":2,"4":2,"5":2,"6":1,"7":1,"8":2,"9":2,"10":2,"11":2,"12":1},"fnMap":{"1":{"name":"(anonymous_1)","line":12,"loc":{"start":{"line":12,"column":1},"end":{"line":12,"column":13}}},"2":{"name":"(anonymous_2)","line":19,"loc":{"start":{"line":19,"column":5},"end":{"line":19,"column":17}}},"3":{"name":"(anonymous_3)","line":23,"loc":{"start":{"line":23,"column":24},"end":{"line":23,"column":36}}},"4":{"name":"(anonymous_4)","line":61,"loc":{"start":{"line":61,"column":5},"end":{"line":61,"column":17}}},"5":{"name":"(anonymous_5)","line":82,"loc":{"start":{"line":82,"column":5},"end":{"line":82,"column":17}}},"6":{"name":"(anonymous_6)","line":102,"loc":{"start":{"line":102,"column":83},"end":{"line":105,"column":10}},"skip":true},"7":{"name":"(anonymous_7)","line":113,"loc":{"start":{"line":113,"column":77},"end":{"line":116,"column":10}},"skip":true},"8":{"name":"(anonymous_8)","line":129,"loc":{"start":{"line":129,"column":12},"end":{"line":129,"column":40}},"skip":true},"9":{"name":"(anonymous_9)","line":137,"loc":{"start":{"line":137,"column":77},"end":{"line":140,"column":10}},"skip":true},"10":{"name":"(anonymous_10)","line":148,"loc":{"start":{"line":148,"column":83},"end":{"line":151,"column":10}},"skip":true},"11":{"name":"(anonymous_11)","line":159,"loc":{"start":{"line":159,"column":79},"end":{"line":162,"column":10}},"skip":true},"12":{"name":"(anonymous_12)","line":170,"loc":{"start":{"line":170,"column":75},"end":{"line":173,"column":10}},"skip":true}},"statementMap":{"1":{"start":{"line":12,"column":0},"end":{"line":185,"column":5}},"2":{"start":{"line":14,"column":4},"end":{"line":14,"column":14}},"3":{"start":{"line":19,"column":4},"end":{"line":56,"column":9}},"4":{"start":{"line":21,"column":8},"end":{"line":21,"column":19}},"5":{"start":{"line":23,"column":8},"end":{"line":35,"column":13}},"6":{"start":{"line":24,"column":12},"end":{"line":34,"column":13}},"7":{"start":{"line":25,"column":16},"end":{"line":28,"column":30}},"8":{"start":{"line":30,"column":16},"end":{"line":33,"column":27}},"9":{"start":{"line":37,"column":8},"end":{"line":39,"column":21}},"10":{"start":{"line":40,"column":8},"end":{"line":53,"column":9}},"11":{"start":{"line":43,"column":12},"end":{"line":46,"column":14}},"12":{"start":{"line":47,"column":12},"end":{"line":47,"column":18}},"13":{"start":{"line":50,"column":12},"end":{"line":51,"column":46}},"14":{"start":{"line":52,"column":12},"end":{"line":52,"column":18}},"15":{"start":{"line":55,"column":8},"end":{"line":55,"column":35}},"16":{"start":{"line":61,"column":4},"end":{"line":63,"column":9}},"17":{"start":{"line":62,"column":8},"end":{"line":62,"column":15}},"18":{"start":{"line":64,"column":4},"end":{"line":77,"column":5}},"19":{"start":{"line":70,"column":8},"end":{"line":70,"column":14}},"20":{"start":{"line":76,"column":8},"end":{"line":76,"column":14}},"21":{"start":{"line":82,"column":4},"end":{"line":84,"column":9}},"22":{"start":{"line":83,"column":8},"end":{"line":83,"column":15}},"23":{"start":{"line":85,"column":4},"end":{"line":184,"column":5}},"24":{"start":{"line":92,"column":8},"end":{"line":94,"column":63}},"25":{"start":{"line":95,"column":8},"end":{"line":95,"column":14}},"26":{"start":{"line":102,"column":8},"end":{"line":111,"column":10},"skip":true},"27":{"start":{"line":109,"column":12},"end":{"line":109,"column":55},"skip":true},"28":{"start":{"line":110,"column":12},"end":{"line":110,"column":48},"skip":true},"29":{"start":{"line":113,"column":8},"end":{"line":126,"column":10},"skip":true},"30":{"start":{"line":120,"column":12},"end":{"line":120,"column":76},"skip":true},"31":{"start":{"line":121,"column":12},"end":{"line":121,"column":73},"skip":true},"32":{"start":{"line":122,"column":12},"end":{"line":122,"column":74},"skip":true},"33":{"start":{"line":123,"column":12},"end":{"line":123,"column":79},"skip":true},"34":{"start":{"line":124,"column":12},"end":{"line":124,"column":25},"skip":true},"35":{"start":{"line":125,"column":12},"end":{"line":125,"column":45},"skip":true},"36":{"start":{"line":128,"column":8},"end":{"line":135,"column":14},"skip":true},"37":{"start":{"line":133,"column":16},"end":{"line":133,"column":29},"skip":true},"38":{"start":{"line":134,"column":16},"end":{"line":134,"column":55},"skip":true},"39":{"start":{"line":137,"column":8},"end":{"line":146,"column":10},"skip":true},"40":{"start":{"line":144,"column":12},"end":{"line":144,"column":25},"skip":true},"41":{"start":{"line":145,"column":12},"end":{"line":145,"column":45},"skip":true},"42":{"start":{"line":148,"column":8},"end":{"line":157,"column":10},"skip":true},"43":{"start":{"line":155,"column":12},"end":{"line":155,"column":25},"skip":true},"44":{"start":{"line":156,"column":12},"end":{"line":156,"column":48},"skip":true},"45":{"start":{"line":159,"column":8},"end":{"line":168,"column":10},"skip":true},"46":{"start":{"line":166,"column":12},"end":{"line":166,"column":25},"skip":true},"47":{"start":{"line":167,"column":12},"end":{"line":167,"column":46},"skip":true},"48":{"start":{"line":170,"column":8},"end":{"line":179,"column":10},"skip":true},"49":{"start":{"line":177,"column":12},"end":{"line":177,"column":94},"skip":true},"50":{"start":{"line":178,"column":12},"end":{"line":178,"column":48},"skip":true},"51":{"start":{"line":182,"column":8},"end":{"line":182,"column":35},"skip":true},"52":{"start":{"line":183,"column":8},"end":{"line":183,"column":14},"skip":true}},"branchMap":{"1":{"line":25,"type":"binary-expr","locations":[{"start":{"line":25,"column":23},"end":{"line":25,"column":62}},{"start":{"line":26,"column":20},"end":{"line":26,"column":70}},{"start":{"line":27,"column":20},"end":{"line":27,"column":71}},{"start":{"line":28,"column":20},"end":{"line":28,"column":29}}]},"2":{"line":30,"type":"binary-expr","locations":[{"start":{"line":30,"column":23},"end":{"line":30,"column":37}},{"start":{"line":31,"column":20},"end":{"line":31,"column":61}},{"start":{"line":32,"column":20},"end":{"line":32,"column":70}},{"start":{"line":33,"column":20},"end":{"line":33,"column":26}}]},"3":{"line":37,"type":"cond-expr","locations":[{"start":{"line":38,"column":14},"end":{"line":38,"column":20}},{"start":{"line":39,"column":14},"end":{"line":39,"column":20}}]},"4":{"line":40,"type":"switch","locations":[{"start":{"line":42,"column":8},"end":{"line":47,"column":18}},{"start":{"line":49,"column":8},"end":{"line":52,"column":18}}]},"5":{"line":44,"type":"binary-expr","locations":[{"start":{"line":44,"column":16},"end":{"line":44,"column":44}},{"start":{"line":44,"column":48},"end":{"line":44,"column":66}}]},"6":{"line":50,"type":"binary-expr","locations":[{"start":{"line":50,"column":21},"end":{"line":50,"column":49}},{"start":{"line":50,"column":53},"end":{"line":50,"column":72}}]},"7":{"line":64,"type":"switch","locations":[{"start":{"line":69,"column":4},"end":{"line":70,"column":14}},{"start":{"line":75,"column":4},"end":{"line":76,"column":14}}]},"8":{"line":85,"type":"switch","locations":[{"start":{"line":90,"column":4},"end":{"line":95,"column":14}},{"start":{"line":101,"column":4},"end":{"line":183,"column":14},"skip":true}]},"9":{"line":92,"type":"binary-expr","locations":[{"start":{"line":92,"column":18},"end":{"line":92,"column":32}},{"start":{"line":93,"column":12},"end":{"line":93,"column":53}},{"start":{"line":94,"column":12},"end":{"line":94,"column":61}}]},"10":{"line":102,"type":"binary-expr","locations":[{"start":{"line":102,"column":45},"end":{"line":102,"column":79},"skip":true},{"start":{"line":102,"column":83},"end":{"line":111,"column":9},"skip":true}]},"11":{"line":113,"type":"binary-expr","locations":[{"start":{"line":113,"column":42},"end":{"line":113,"column":73},"skip":true},{"start":{"line":113,"column":77},"end":{"line":126,"column":9},"skip":true}]},"12":{"line":128,"type":"binary-expr","locations":[{"start":{"line":128,"column":48},"end":{"line":128,"column":85},"skip":true},{"start":{"line":129,"column":12},"end":{"line":135,"column":13},"skip":true}]},"13":{"line":137,"type":"binary-expr","locations":[{"start":{"line":137,"column":42},"end":{"line":137,"column":73},"skip":true},{"start":{"line":137,"column":77},"end":{"line":146,"column":9},"skip":true}]},"14":{"line":148,"type":"binary-expr","locations":[{"start":{"line":148,"column":45},"end":{"line":148,"column":79},"skip":true},{"start":{"line":148,"column":83},"end":{"line":157,"column":9},"skip":true}]},"15":{"line":159,"type":"binary-expr","locations":[{"start":{"line":159,"column":43},"end":{"line":159,"column":75},"skip":true},{"start":{"line":159,"column":79},"end":{"line":168,"column":9},"skip":true}]},"16":{"line":170,"type":"binary-expr","locations":[{"start":{"line":170,"column":41},"end":{"line":170,"column":71},"skip":true},{"start":{"line":170,"column":75},"end":{"line":179,"column":9},"skip":true}]}},"code":["/* istanbul instrument in package npmtest_fb */","/*jslint","    bitwise: true,","    browser: true,","    maxerr: 8,","    maxlen: 96,","    node: true,","    nomen: true,","    regexp: true,","    stupid: true","*/","(function () {","    'use strict';","    var local;","","","","    // run shared js-env code - pre-init","    (function () {","        // init local","        local = {};","        // init modeJs","        local.modeJs = (function () {","            try {","                return typeof navigator.userAgent === 'string' &&","                    typeof document.querySelector('body') === 'object' &&","                    typeof XMLHttpRequest.prototype.open === 'function' &&","                    'browser';","            } catch (errorCaughtBrowser) {","                return module.exports &&","                    typeof process.versions.node === 'string' &&","                    typeof require('http').createServer === 'function' &&","                    'node';","            }","        }());","        // init global","        local.global = local.modeJs === 'browser'","            ? window","            : global;","        switch (local.modeJs) {","        // re-init local from window.local","        case 'browser':","            local = local.global.utility2.objectSetDefault(","                local.global.utility2_rollup || local.global.local,","                local.global.utility2","            );","            break;","        // re-init local from example.js","        case 'node':","            local = (local.global.utility2_rollup || require('utility2'))","                .requireExampleJsFromReadme();","            break;","        }","        // export local","        local.global.local = local;","    }());","","","","    // run shared js-env code - function","    (function () {","        return;","    }());","    switch (local.modeJs) {","","","","    // run browser js-env code - function","    case 'browser':","        break;","","","","    // run node js-env code - function","    case 'node':","        break;","    }","","","","    // run shared js-env code - post-init","    (function () {","        return;","    }());","    switch (local.modeJs) {","","","","    // run browser js-env code - post-init","    case 'browser':","        // run tests","        local.nop(local.modeTest &&","            document.querySelector('#testRunButton1') &&","            document.querySelector('#testRunButton1').click());","        break;","","","","    // run node js-env code - post-init","    /* istanbul ignore next */","    case 'node':","        local.testCase_buildApidoc_default = local.testCase_buildApidoc_default || function (","            options,","            onError","        ) {","        /*","         * this function will test buildApidoc's default handling-behavior-behavior","         */","            options = { modulePathList: module.paths };","            local.buildApidoc(options, onError);","        };","","        local.testCase_buildApp_default = local.testCase_buildApp_default || function (","            options,","            onError","        ) {","        /*","         * this function will test buildApp's default handling-behavior-behavior","         */","            local.testCase_buildReadme_default(options, local.onErrorThrow);","            local.testCase_buildLib_default(options, local.onErrorThrow);","            local.testCase_buildTest_default(options, local.onErrorThrow);","            local.testCase_buildCustomOrg_default(options, local.onErrorThrow);","            options = [];","            local.buildApp(options, onError);","        };","","        local.testCase_buildCustomOrg_default = local.testCase_buildCustomOrg_default ||","            function (options, onError) {","            /*","             * this function will test buildCustomOrg's default handling-behavior","             */","                options = {};","                local.buildCustomOrg(options, onError);","            };","","        local.testCase_buildLib_default = local.testCase_buildLib_default || function (","            options,","            onError","        ) {","        /*","         * this function will test buildLib's default handling-behavior","         */","            options = {};","            local.buildLib(options, onError);","        };","","        local.testCase_buildReadme_default = local.testCase_buildReadme_default || function (","            options,","            onError","        ) {","        /*","         * this function will test buildReadme's default handling-behavior-behavior","         */","            options = {};","            local.buildReadme(options, onError);","        };","","        local.testCase_buildTest_default = local.testCase_buildTest_default || function (","            options,","            onError","        ) {","        /*","         * this function will test buildTest's default handling-behavior","         */","            options = {};","            local.buildTest(options, onError);","        };","","        local.testCase_webpage_default = local.testCase_webpage_default || function (","            options,","            onError","        ) {","        /*","         * this function will test webpage's default handling-behavior","         */","            options = { modeCoverageMerge: true, url: local.serverLocalHost + '?modeTest=1' };","            local.browserTest(options, onError);","        };","","        // run test-server","        local.testRunServer(local);","        break;","    }","}());",""],"l":{"12":2,"14":2,"19":2,"21":2,"23":2,"24":2,"25":2,"30":1,"37":2,"40":2,"43":1,"47":1,"50":1,"52":1,"55":2,"61":2,"62":2,"64":2,"70":1,"76":1,"82":2,"83":2,"85":2,"92":1,"95":1,"102":1,"109":1,"110":1,"113":1,"120":1,"121":1,"122":1,"123":1,"124":1,"125":1,"128":1,"133":2,"134":2,"137":1,"144":2,"145":2,"148":1,"155":2,"156":2,"159":1,"166":2,"167":2,"170":1,"177":1,"178":1,"182":1,"183":1}},"/home/travis/build/npmtest/node-npmtest-fb/lib.npmtest_fb.js":{"path":"/home/travis/build/npmtest/node-npmtest-fb/lib.npmtest_fb.js","s":{"1":2,"2":2,"3":2,"4":2,"5":2,"6":2,"7":2,"8":1,"9":2,"10":2,"11":2,"12":2,"13":1,"14":1,"15":1,"16":1},"b":{"1":[2,1,1,1],"2":[1,1,1,1],"3":[1,1],"4":[2,2],"5":[1,1]},"f":{"1":2,"2":2,"3":2},"fnMap":{"1":{"name":"(anonymous_1)","line":12,"loc":{"start":{"line":12,"column":1},"end":{"line":12,"column":13}}},"2":{"name":"(anonymous_2)","line":19,"loc":{"start":{"line":19,"column":5},"end":{"line":19,"column":17}}},"3":{"name":"(anonymous_3)","line":23,"loc":{"start":{"line":23,"column":24},"end":{"line":23,"column":36}}}},"statementMap":{"1":{"start":{"line":12,"column":0},"end":{"line":53,"column":5}},"2":{"start":{"line":14,"column":4},"end":{"line":14,"column":14}},"3":{"start":{"line":19,"column":4},"end":{"line":52,"column":9}},"4":{"start":{"line":21,"column":8},"end":{"line":21,"column":19}},"5":{"start":{"line":23,"column":8},"end":{"line":35,"column":13}},"6":{"start":{"line":24,"column":12},"end":{"line":34,"column":13}},"7":{"start":{"line":25,"column":16},"end":{"line":28,"column":30}},"8":{"start":{"line":30,"column":16},"end":{"line":33,"column":27}},"9":{"start":{"line":37,"column":8},"end":{"line":39,"column":21}},"10":{"start":{"line":41,"column":8},"end":{"line":41,"column":54}},"11":{"start":{"line":43,"column":8},"end":{"line":43,"column":47}},"12":{"start":{"line":45,"column":8},"end":{"line":51,"column":9}},"13":{"start":{"line":46,"column":12},"end":{"line":46,"column":53}},"14":{"start":{"line":48,"column":12},"end":{"line":48,"column":35}},"15":{"start":{"line":49,"column":12},"end":{"line":49,"column":49}},"16":{"start":{"line":50,"column":12},"end":{"line":50,"column":43}}},"branchMap":{"1":{"line":25,"type":"binary-expr","locations":[{"start":{"line":25,"column":23},"end":{"line":25,"column":62}},{"start":{"line":26,"column":20},"end":{"line":26,"column":70}},{"start":{"line":27,"column":20},"end":{"line":27,"column":71}},{"start":{"line":28,"column":20},"end":{"line":28,"column":29}}]},"2":{"line":30,"type":"binary-expr","locations":[{"start":{"line":30,"column":23},"end":{"line":30,"column":37}},{"start":{"line":31,"column":20},"end":{"line":31,"column":61}},{"start":{"line":32,"column":20},"end":{"line":32,"column":70}},{"start":{"line":33,"column":20},"end":{"line":33,"column":26}}]},"3":{"line":37,"type":"cond-expr","locations":[{"start":{"line":38,"column":14},"end":{"line":38,"column":20}},{"start":{"line":39,"column":14},"end":{"line":39,"column":20}}]},"4":{"line":41,"type":"binary-expr","locations":[{"start":{"line":41,"column":16},"end":{"line":41,"column":44}},{"start":{"line":41,"column":48},"end":{"line":41,"column":53}}]},"5":{"line":45,"type":"if","locations":[{"start":{"line":45,"column":8},"end":{"line":45,"column":8}},{"start":{"line":45,"column":8},"end":{"line":45,"column":8}}]}},"code":["/* istanbul instrument in package npmtest_fb */","/*jslint","    bitwise: true,","    browser: true,","    maxerr: 8,","    maxlen: 96,","    node: true,","    nomen: true,","    regexp: true,","    stupid: true","*/","(function () {","    'use strict';","    var local;","","","","    // run shared js-env code - pre-init","    (function () {","        // init local","        local = {};","        // init modeJs","        local.modeJs = (function () {","            try {","                return typeof navigator.userAgent === 'string' &&","                    typeof document.querySelector('body') === 'object' &&","                    typeof XMLHttpRequest.prototype.open === 'function' &&","                    'browser';","            } catch (errorCaughtBrowser) {","                return module.exports &&","                    typeof process.versions.node === 'string' &&","                    typeof require('http').createServer === 'function' &&","                    'node';","            }","        }());","        // init global","        local.global = local.modeJs === 'browser'","            ? window","            : global;","        // init utility2_rollup","        local = local.global.utility2_rollup || local;","        // init lib","        local.local = local.npmtest_fb = local;","        // init exports","        if (local.modeJs === 'browser') {","            local.global.utility2_npmtest_fb = local;","        } else {","            module.exports = local;","            module.exports.__dirname = __dirname;","            module.exports.module = module;","        }","    }());","}());",""],"l":{"12":2,"14":2,"19":2,"21":2,"23":2,"24":2,"25":2,"30":1,"37":2,"41":2,"43":2,"45":2,"46":1,"48":1,"49":1,"50":1}},"/home/travis/build/npmtest/node-npmtest-fb/example.js":{"path":"/home/travis/build/npmtest/node-npmtest-fb/example.js","s":{"1":2,"2":2,"3":2,"4":2,"5":2,"6":2,"7":2,"8":1,"9":2,"10":2,"11":2,"12":2,"13":1,"14":2,"15":2,"16":2,"17":2,"18":2,"19":0,"20":2,"21":1,"22":1,"23":1,"24":1,"25":1,"26":0,"27":0,"28":1,"29":1,"30":2,"31":0,"32":0,"33":0,"34":1,"35":2,"36":2,"37":2,"38":2,"39":2,"40":2,"41":0,"42":2,"43":2,"44":2,"45":1,"46":3,"47":1,"48":1,"49":1,"50":1,"51":1,"52":1,"53":1,"54":1,"55":1,"56":1,"57":0,"58":1,"59":6,"60":6,"61":1,"62":2,"63":0,"64":2,"65":1,"66":1,"67":0,"68":0,"69":0,"70":0,"71":0,"72":0,"73":0,"74":0,"75":0,"76":0,"77":0,"78":0,"79":0,"80":0,"81":0,"82":0,"83":0},"b":{"1":[2,1,1,1],"2":[1,1,1,1],"3":[1,1],"4":[2,2],"5":[1,1],"6":[1,1],"7":[2,0],"8":[2,1,1,1,1,1],"9":[0,2,0],"10":[1,1],"11":[2,1,1],"12":[1,0],"13":[0,2],"14":[2,0,0,0,0,0,0],"15":[0,2],"16":[2,0],"17":[1,1],"18":[0,1],"19":[1,2,0,2],"20":[1,0],"21":[1,1],"22":[0,0],"23":[0,0],"24":[0,0],"25":[0,0],"26":[0,0],"27":[0,0],"28":[0,0]},"f":{"1":2,"2":2,"3":2,"4":2,"5":2,"6":2,"7":2,"8":2,"9":3,"10":1,"11":6,"12":0},"fnMap":{"1":{"name":"(anonymous_1)","line":26,"loc":{"start":{"line":26,"column":1},"end":{"line":26,"column":13}}},"2":{"name":"(anonymous_2)","line":33,"loc":{"start":{"line":33,"column":5},"end":{"line":33,"column":17}}},"3":{"name":"(anonymous_3)","line":37,"loc":{"start":{"line":37,"column":24},"end":{"line":37,"column":36}}},"4":{"name":"(anonymous_4)","line":69,"loc":{"start":{"line":69,"column":31},"end":{"line":69,"column":48}},"skip":true},"5":{"name":"(anonymous_5)","line":78,"loc":{"start":{"line":78,"column":26},"end":{"line":78,"column":45}},"skip":true},"6":{"name":"(anonymous_6)","line":123,"loc":{"start":{"line":123,"column":33},"end":{"line":123,"column":48}},"skip":true},"7":{"name":"(anonymous_7)","line":125,"loc":{"start":{"line":125,"column":27},"end":{"line":125,"column":39}},"skip":true},"8":{"name":"(anonymous_8)","line":133,"loc":{"start":{"line":133,"column":59},"end":{"line":133,"column":74}},"skip":true},"9":{"name":"(anonymous_9)","line":143,"loc":{"start":{"line":143,"column":45},"end":{"line":143,"column":62}},"skip":true},"10":{"name":"(anonymous_10)","line":144,"loc":{"start":{"line":144,"column":73},"end":{"line":144,"column":92}},"skip":true},"11":{"name":"(anonymous_11)","line":272,"loc":{"start":{"line":272,"column":51},"end":{"line":272,"column":77}},"skip":true},"12":{"name":"(anonymous_12)","line":314,"loc":{"start":{"line":314,"column":32},"end":{"line":314,"column":61}},"skip":true}},"statementMap":{"1":{"start":{"line":26,"column":0},"end":{"line":325,"column":5}},"2":{"start":{"line":28,"column":4},"end":{"line":28,"column":14}},"3":{"start":{"line":33,"column":4},"end":{"line":60,"column":9}},"4":{"start":{"line":35,"column":8},"end":{"line":35,"column":19}},"5":{"start":{"line":37,"column":8},"end":{"line":49,"column":13}},"6":{"start":{"line":38,"column":12},"end":{"line":48,"column":13}},"7":{"start":{"line":39,"column":16},"end":{"line":42,"column":30}},"8":{"start":{"line":44,"column":16},"end":{"line":47,"column":27}},"9":{"start":{"line":51,"column":8},"end":{"line":53,"column":21}},"10":{"start":{"line":55,"column":8},"end":{"line":57,"column":45}},"11":{"start":{"line":59,"column":8},"end":{"line":59,"column":35}},"12":{"start":{"line":61,"column":4},"end":{"line":324,"column":5}},"13":{"start":{"line":69,"column":8},"end":{"line":121,"column":10},"skip":true},"14":{"start":{"line":70,"column":12},"end":{"line":88,"column":13},"skip":true},"15":{"start":{"line":76,"column":16},"end":{"line":87,"column":19},"skip":true},"16":{"start":{"line":79,"column":20},"end":{"line":86,"column":21},"skip":true},"17":{"start":{"line":82,"column":24},"end":{"line":82,"column":43},"skip":true},"18":{"start":{"line":83,"column":24},"end":{"line":83,"column":30},"skip":true},"19":{"start":{"line":85,"column":24},"end":{"line":85,"column":49},"skip":true},"20":{"start":{"line":89,"column":12},"end":{"line":107,"column":13},"skip":true},"21":{"start":{"line":92,"column":16},"end":{"line":102,"column":17},"skip":true},"22":{"start":{"line":93,"column":20},"end":{"line":93,"column":86},"skip":true},"23":{"start":{"line":94,"column":20},"end":{"line":95,"column":45},"skip":true},"24":{"start":{"line":96,"column":20},"end":{"line":96,"column":42},"skip":true},"25":{"start":{"line":97,"column":20},"end":{"line":97,"column":48},"skip":true},"26":{"start":{"line":100,"column":20},"end":{"line":100,"column":85},"skip":true},"27":{"start":{"line":101,"column":20},"end":{"line":101,"column":96},"skip":true},"28":{"start":{"line":103,"column":16},"end":{"line":103,"column":22},"skip":true},"29":{"start":{"line":106,"column":16},"end":{"line":106,"column":22},"skip":true},"30":{"start":{"line":108,"column":12},"end":{"line":120,"column":13},"skip":true},"31":{"start":{"line":114,"column":16},"end":{"line":119,"column":17},"skip":true},"32":{"start":{"line":116,"column":20},"end":{"line":116,"column":78},"skip":true},"33":{"start":{"line":118,"column":20},"end":{"line":118,"column":47},"skip":true},"34":{"start":{"line":123,"column":8},"end":{"line":141,"column":11},"skip":true},"35":{"start":{"line":124,"column":12},"end":{"line":124,"column":54},"skip":true},"36":{"start":{"line":125,"column":12},"end":{"line":140,"column":14},"skip":true},"37":{"start":{"line":126,"column":16},"end":{"line":126,"column":28},"skip":true},"38":{"start":{"line":127,"column":16},"end":{"line":127,"column":69},"skip":true},"39":{"start":{"line":128,"column":16},"end":{"line":128,"column":75},"skip":true},"40":{"start":{"line":129,"column":16},"end":{"line":131,"column":17},"skip":true},"41":{"start":{"line":130,"column":20},"end":{"line":130,"column":27},"skip":true},"42":{"start":{"line":133,"column":16},"end":{"line":137,"column":36},"skip":true},"43":{"start":{"line":134,"column":20},"end":{"line":136,"column":55},"skip":true},"44":{"start":{"line":139,"column":16},"end":{"line":139,"column":57},"skip":true},"45":{"start":{"line":143,"column":8},"end":{"line":147,"column":11},"skip":true},"46":{"start":{"line":144,"column":12},"end":{"line":146,"column":15},"skip":true},"47":{"start":{"line":145,"column":16},"end":{"line":145,"column":70},"skip":true},"48":{"start":{"line":149,"column":8},"end":{"line":149,"column":31},"skip":true},"49":{"start":{"line":150,"column":8},"end":{"line":150,"column":14},"skip":true},"50":{"start":{"line":158,"column":8},"end":{"line":158,"column":31},"skip":true},"51":{"start":{"line":160,"column":8},"end":{"line":160,"column":33},"skip":true},"52":{"start":{"line":161,"column":8},"end":{"line":161,"column":37},"skip":true},"53":{"start":{"line":162,"column":8},"end":{"line":162,"column":35},"skip":true},"54":{"start":{"line":164,"column":8},"end":{"line":164,"column":50},"skip":true},"55":{"start":{"line":166,"column":8},"end":{"line":256,"column":2},"skip":true},"56":{"start":{"line":258,"column":8},"end":{"line":286,"column":9},"skip":true},"57":{"start":{"line":259,"column":12},"end":{"line":269,"column":14},"skip":true},"58":{"start":{"line":271,"column":12},"end":{"line":285,"column":19},"skip":true},"59":{"start":{"line":274,"column":20},"end":{"line":274,"column":35},"skip":true},"60":{"start":{"line":275,"column":20},"end":{"line":284,"column":21},"skip":true},"61":{"start":{"line":277,"column":24},"end":{"line":277,"column":64},"skip":true},"62":{"start":{"line":279,"column":24},"end":{"line":279,"column":40},"skip":true},"63":{"start":{"line":281,"column":24},"end":{"line":281,"column":40},"skip":true},"64":{"start":{"line":283,"column":24},"end":{"line":283,"column":39},"skip":true},"65":{"start":{"line":288,"column":8},"end":{"line":290,"column":9},"skip":true},"66":{"start":{"line":289,"column":12},"end":{"line":289,"column":18},"skip":true},"67":{"start":{"line":291,"column":8},"end":{"line":293,"column":54},"skip":true},"68":{"start":{"line":294,"column":8},"end":{"line":301,"column":37},"skip":true},"69":{"start":{"line":302,"column":8},"end":{"line":302,"column":82},"skip":true},"70":{"start":{"line":305,"column":8},"end":{"line":307,"column":9},"skip":true},"71":{"start":{"line":306,"column":12},"end":{"line":306,"column":82},"skip":true},"72":{"start":{"line":309,"column":8},"end":{"line":311,"column":9},"skip":true},"73":{"start":{"line":310,"column":12},"end":{"line":310,"column":18},"skip":true},"74":{"start":{"line":312,"column":8},"end":{"line":312,"column":54},"skip":true},"75":{"start":{"line":313,"column":8},"end":{"line":313,"column":69},"skip":true},"76":{"start":{"line":314,"column":8},"end":{"line":322,"column":36},"skip":true},"77":{"start":{"line":315,"column":12},"end":{"line":315,"column":61},"skip":true},"78":{"start":{"line":316,"column":12},"end":{"line":319,"column":13},"skip":true},"79":{"start":{"line":317,"column":16},"end":{"line":317,"column":75},"skip":true},"80":{"start":{"line":318,"column":16},"end":{"line":318,"column":23},"skip":true},"81":{"start":{"line":320,"column":12},"end":{"line":320,"column":38},"skip":true},"82":{"start":{"line":321,"column":12},"end":{"line":321,"column":27},"skip":true},"83":{"start":{"line":323,"column":8},"end":{"line":323,"column":14},"skip":true}},"branchMap":{"1":{"line":39,"type":"binary-expr","locations":[{"start":{"line":39,"column":23},"end":{"line":39,"column":62}},{"start":{"line":40,"column":20},"end":{"line":40,"column":70}},{"start":{"line":41,"column":20},"end":{"line":41,"column":71}},{"start":{"line":42,"column":20},"end":{"line":42,"column":29}}]},"2":{"line":44,"type":"binary-expr","locations":[{"start":{"line":44,"column":23},"end":{"line":44,"column":37}},{"start":{"line":45,"column":20},"end":{"line":45,"column":61}},{"start":{"line":46,"column":20},"end":{"line":46,"column":70}},{"start":{"line":47,"column":20},"end":{"line":47,"column":26}}]},"3":{"line":51,"type":"cond-expr","locations":[{"start":{"line":52,"column":14},"end":{"line":52,"column":20}},{"start":{"line":53,"column":14},"end":{"line":53,"column":20}}]},"4":{"line":55,"type":"binary-expr","locations":[{"start":{"line":55,"column":16},"end":{"line":55,"column":44}},{"start":{"line":55,"column":49},"end":{"line":57,"column":43}}]},"5":{"line":55,"type":"cond-expr","locations":[{"start":{"line":56,"column":14},"end":{"line":56,"column":46}},{"start":{"line":57,"column":14},"end":{"line":57,"column":43}}]},"6":{"line":61,"type":"switch","locations":[{"start":{"line":68,"column":4},"end":{"line":150,"column":14},"skip":true},{"start":{"line":156,"column":4},"end":{"line":323,"column":14},"skip":true}]},"7":{"line":70,"type":"if","locations":[{"start":{"line":70,"column":12},"end":{"line":70,"column":12},"skip":true},{"start":{"line":70,"column":12},"end":{"line":70,"column":12},"skip":true}]},"8":{"line":70,"type":"binary-expr","locations":[{"start":{"line":70,"column":16},"end":{"line":70,"column":22},"skip":true},{"start":{"line":70,"column":27},"end":{"line":70,"column":32},"skip":true},{"start":{"line":71,"column":20},"end":{"line":71,"column":39},"skip":true},{"start":{"line":72,"column":20},"end":{"line":72,"column":49},"skip":true},{"start":{"line":73,"column":20},"end":{"line":73,"column":58},"skip":true},{"start":{"line":74,"column":20},"end":{"line":74,"column":69},"skip":true}]},"9":{"line":79,"type":"switch","locations":[{"start":{"line":80,"column":20},"end":{"line":80,"column":33},"skip":true},{"start":{"line":81,"column":20},"end":{"line":83,"column":30},"skip":true},{"start":{"line":84,"column":20},"end":{"line":85,"column":49},"skip":true}]},"10":{"line":89,"type":"switch","locations":[{"start":{"line":90,"column":12},"end":{"line":103,"column":22},"skip":true},{"start":{"line":105,"column":12},"end":{"line":106,"column":22},"skip":true}]},"11":{"line":89,"type":"binary-expr","locations":[{"start":{"line":89,"column":20},"end":{"line":89,"column":25},"skip":true},{"start":{"line":89,"column":29},"end":{"line":89,"column":48},"skip":true},{"start":{"line":89,"column":52},"end":{"line":89,"column":74},"skip":true}]},"12":{"line":92,"type":"if","locations":[{"start":{"line":92,"column":16},"end":{"line":92,"column":16},"skip":true},{"start":{"line":92,"column":16},"end":{"line":92,"column":16},"skip":true}]},"13":{"line":108,"type":"if","locations":[{"start":{"line":108,"column":12},"end":{"line":108,"column":12},"skip":true},{"start":{"line":108,"column":12},"end":{"line":108,"column":12},"skip":true}]},"14":{"line":108,"type":"binary-expr","locations":[{"start":{"line":108,"column":16},"end":{"line":108,"column":61},"skip":true},{"start":{"line":108,"column":66},"end":{"line":108,"column":72},"skip":true},{"start":{"line":108,"column":77},"end":{"line":108,"column":82},"skip":true},{"start":{"line":109,"column":20},"end":{"line":109,"column":39},"skip":true},{"start":{"line":110,"column":20},"end":{"line":110,"column":49},"skip":true},{"start":{"line":111,"column":20},"end":{"line":111,"column":58},"skip":true},{"start":{"line":112,"column":20},"end":{"line":112,"column":68},"skip":true}]},"15":{"line":129,"type":"if","locations":[{"start":{"line":129,"column":16},"end":{"line":129,"column":16},"skip":true},{"start":{"line":129,"column":16},"end":{"line":129,"column":16},"skip":true}]},"16":{"line":134,"type":"cond-expr","locations":[{"start":{"line":135,"column":26},"end":{"line":135,"column":29},"skip":true},{"start":{"line":136,"column":26},"end":{"line":136,"column":54},"skip":true}]},"17":{"line":164,"type":"binary-expr","locations":[{"start":{"line":164,"column":27},"end":{"line":164,"column":43},"skip":true},{"start":{"line":164,"column":47},"end":{"line":164,"column":49},"skip":true}]},"18":{"line":258,"type":"if","locations":[{"start":{"line":258,"column":8},"end":{"line":258,"column":8},"skip":true},{"start":{"line":258,"column":8},"end":{"line":258,"column":8},"skip":true}]},"19":{"line":275,"type":"switch","locations":[{"start":{"line":276,"column":20},"end":{"line":277,"column":64},"skip":true},{"start":{"line":278,"column":20},"end":{"line":279,"column":40},"skip":true},{"start":{"line":280,"column":20},"end":{"line":281,"column":40},"skip":true},{"start":{"line":282,"column":20},"end":{"line":283,"column":39},"skip":true}]},"20":{"line":288,"type":"if","locations":[{"start":{"line":288,"column":8},"end":{"line":288,"column":8},"skip":true},{"start":{"line":288,"column":8},"end":{"line":288,"column":8},"skip":true}]},"21":{"line":288,"type":"binary-expr","locations":[{"start":{"line":288,"column":12},"end":{"line":288,"column":40},"skip":true},{"start":{"line":288,"column":44},"end":{"line":288,"column":67},"skip":true}]},"22":{"line":292,"type":"binary-expr","locations":[{"start":{"line":292,"column":12},"end":{"line":292,"column":50},"skip":true},{"start":{"line":293,"column":12},"end":{"line":293,"column":53},"skip":true}]},"23":{"line":295,"type":"binary-expr","locations":[{"start":{"line":295,"column":12},"end":{"line":295,"column":60},"skip":true},{"start":{"line":296,"column":12},"end":{"line":301,"column":36},"skip":true}]},"24":{"line":302,"type":"binary-expr","locations":[{"start":{"line":302,"column":43},"end":{"line":302,"column":75},"skip":true},{"start":{"line":302,"column":79},"end":{"line":302,"column":81},"skip":true}]},"25":{"line":305,"type":"if","locations":[{"start":{"line":305,"column":8},"end":{"line":305,"column":8},"skip":true},{"start":{"line":305,"column":8},"end":{"line":305,"column":8},"skip":true}]},"26":{"line":309,"type":"if","locations":[{"start":{"line":309,"column":8},"end":{"line":309,"column":8},"skip":true},{"start":{"line":309,"column":8},"end":{"line":309,"column":8},"skip":true}]},"27":{"line":312,"type":"binary-expr","locations":[{"start":{"line":312,"column":27},"end":{"line":312,"column":43},"skip":true},{"start":{"line":312,"column":47},"end":{"line":312,"column":53},"skip":true}]},"28":{"line":316,"type":"if","locations":[{"start":{"line":316,"column":12},"end":{"line":316,"column":12},"skip":true},{"start":{"line":316,"column":12},"end":{"line":316,"column":12},"skip":true}]}},"code":["/*","example.js","","quickstart example","","instruction","    1. save this script as example.js","    2. run the shell command:","        $ npm install npmtest-fb && PORT=8081 node example.js","    3. play with the browser-demo on http://127.0.0.1:8081","*/","","","","/* istanbul instrument in package npmtest_fb */","/*jslint","    bitwise: true,","    browser: true,","    maxerr: 8,","    maxlen: 96,","    node: true,","    nomen: true,","    regexp: true,","    stupid: true","*/","(function () {","    'use strict';","    var local;","","","","    // run shared js-env code - pre-init","    (function () {","        // init local","        local = {};","        // init modeJs","        local.modeJs = (function () {","            try {","                return typeof navigator.userAgent === 'string' &&","                    typeof document.querySelector('body') === 'object' &&","                    typeof XMLHttpRequest.prototype.open === 'function' &&","                    'browser';","            } catch (errorCaughtBrowser) {","                return module.exports &&","                    typeof process.versions.node === 'string' &&","                    typeof require('http').createServer === 'function' &&","                    'node';","            }","        }());","        // init global","        local.global = local.modeJs === 'browser'","            ? window","            : global;","        // init utility2_rollup","        local = local.global.utility2_rollup || (local.modeJs === 'browser'","            ? local.global.utility2_npmtest_fb","            : global.utility2_moduleExports);","        // export local","        local.global.local = local;","    }());","    switch (local.modeJs) {","","","","    // post-init","    // run browser js-env code - post-init","    /* istanbul ignore next */","    case 'browser':","        local.testRunBrowser = function (event) {","            if (!event || (event &&","                    event.currentTarget &&","                    event.currentTarget.className &&","                    event.currentTarget.className.includes &&","                    event.currentTarget.className.includes('onreset'))) {","                // reset output","                Array.from(","                    document.querySelectorAll('body > .resettable')","                ).forEach(function (element) {","                    switch (element.tagName) {","                    case 'INPUT':","                    case 'TEXTAREA':","                        element.value = '';","                        break;","                    default:","                        element.textContent = '';","                    }","                });","            }","            switch (event && event.currentTarget && event.currentTarget.id) {","            case 'testRunButton1':","                // show tests","                if (document.querySelector('#testReportDiv1').style.display === 'none') {","                    document.querySelector('#testReportDiv1').style.display = 'block';","                    document.querySelector('#testRunButton1').textContent =","                        'hide internal test';","                    local.modeTest = true;","                    local.testRunDefault(local);","                // hide tests","                } else {","                    document.querySelector('#testReportDiv1').style.display = 'none';","                    document.querySelector('#testRunButton1').textContent = 'run internal test';","                }","                break;","            // custom-case","            default:","                break;","            }","            if (document.querySelector('#inputTextareaEval1') && (!event || (event &&","                    event.currentTarget &&","                    event.currentTarget.className &&","                    event.currentTarget.className.includes &&","                    event.currentTarget.className.includes('oneval')))) {","                // try to eval input-code","                try {","                    /*jslint evil: true*/","                    eval(document.querySelector('#inputTextareaEval1').value);","                } catch (errorCaught) {","                    console.error(errorCaught);","                }","            }","        };","        // log stderr and stdout to #outputTextareaStdout1","        ['error', 'log'].forEach(function (key) {","            console[key + '_original'] = console[key];","            console[key] = function () {","                var element;","                console[key + '_original'].apply(console, arguments);","                element = document.querySelector('#outputTextareaStdout1');","                if (!element) {","                    return;","                }","                // append text to #outputTextareaStdout1","                element.value += Array.from(arguments).map(function (arg) {","                    return typeof arg === 'string'","                        ? arg","                        : JSON.stringify(arg, null, 4);","                }).join(' ') + '\\n';","                // scroll textarea to bottom","                element.scrollTop = element.scrollHeight;","            };","        });","        // init event-handling","        ['change', 'click', 'keyup'].forEach(function (event) {","            Array.from(document.querySelectorAll('.on' + event)).forEach(function (element) {","                element.addEventListener(event, local.testRunBrowser);","            });","        });","        // run tests","        local.testRunBrowser();","        break;","","","","    // run node js-env code - post-init","    /* istanbul ignore next */","    case 'node':","        // export local","        module.exports = local;","        // require modules","        local.fs = require('fs');","        local.http = require('http');","        local.url = require('url');","        // init assets","        local.assetsDict = local.assetsDict || {};","        /* jslint-ignore-begin */","        local.assetsDict['/assets.index.template.html'] = '\\","<!doctype html>\\n\\","<html lang=\"en\">\\n\\","<head>\\n\\","<meta charset=\"UTF-8\">\\n\\","<meta name=\"viewport\" content=\"width=device-width, initial-scale=1\">\\n\\","<title>{{env.npm_package_name}} (v{{env.npm_package_version}})</title>\\n\\","<style>\\n\\","/*csslint\\n\\","    box-sizing: false,\\n\\","    universal-selector: false\\n\\","*/\\n\\","* {\\n\\","    box-sizing: border-box;\\n\\","}\\n\\","body {\\n\\","    background: #dde;\\n\\","    font-family: Arial, Helvetica, sans-serif;\\n\\","    margin: 2rem;\\n\\","}\\n\\","body > * {\\n\\","    margin-bottom: 1rem;\\n\\","}\\n\\",".utility2FooterDiv {\\n\\","    margin-top: 20px;\\n\\","    text-align: center;\\n\\","}\\n\\","</style>\\n\\","<style>\\n\\","/*csslint\\n\\","*/\\n\\","textarea {\\n\\","    font-family: monospace;\\n\\","    height: 10rem;\\n\\","    width: 100%;\\n\\","}\\n\\","textarea[readonly] {\\n\\","    background: #ddd;\\n\\","}\\n\\","</style>\\n\\","</head>\\n\\","<body>\\n\\","<!-- utility2-comment\\n\\","<div id=\"ajaxProgressDiv1\" style=\"background: #d00; height: 2px; left: 0; margin: 0; padding: 0; position: fixed; top: 0; transition: background 0.5s, width 1.5s; width: 25%;\"></div>\\n\\","utility2-comment -->\\n\\","<h1>\\n\\","<!-- utility2-comment\\n\\","    <a\\n\\","        {{#if env.npm_package_homepage}}\\n\\","        href=\"{{env.npm_package_homepage}}\"\\n\\","        {{/if env.npm_package_homepage}}\\n\\","        target=\"_blank\"\\n\\","    >\\n\\","utility2-comment -->\\n\\","        {{env.npm_package_name}} (v{{env.npm_package_version}})\\n\\","<!-- utility2-comment\\n\\","    </a>\\n\\","utility2-comment -->\\n\\","</h1>\\n\\","<h3>{{env.npm_package_description}}</h3>\\n\\","<!-- utility2-comment\\n\\","<h4><a download href=\"assets.app.js\">download standalone app</a></h4>\\n\\","<button class=\"onclick onreset\" id=\"testRunButton1\">run internal test</button><br>\\n\\","<div id=\"testReportDiv1\" style=\"display: none;\"></div>\\n\\","utility2-comment -->\\n\\","\\n\\","\\n\\","\\n\\","<label>stderr and stdout</label>\\n\\","<textarea class=\"resettable\" id=\"outputTextareaStdout1\" readonly></textarea>\\n\\","<!-- utility2-comment\\n\\","{{#if isRollup}}\\n\\","<script src=\"assets.app.js\"></script>\\n\\","{{#unless isRollup}}\\n\\","utility2-comment -->\\n\\","<script src=\"assets.utility2.rollup.js\"></script>\\n\\","<script src=\"jsonp.utility2._stateInit?callback=window.utility2._stateInit\"></script>\\n\\","<script src=\"assets.npmtest_fb.rollup.js\"></script>\\n\\","<script src=\"assets.example.js\"></script>\\n\\","<script src=\"assets.test.js\"></script>\\n\\","<!-- utility2-comment\\n\\","{{/if isRollup}}\\n\\","utility2-comment -->\\n\\","<div class=\"utility2FooterDiv\">\\n\\","    [ this app was created with\\n\\","    <a href=\"https://github.com/kaizhu256/node-utility2\" target=\"_blank\">utility2</a>\\n\\","    ]\\n\\","</div>\\n\\","</body>\\n\\","</html>\\n\\","';","        /* jslint-ignore-end */","        if (local.templateRender) {","            local.assetsDict['/'] = local.templateRender(","                local.assetsDict['/assets.index.template.html'],","                {","                    env: local.objectSetDefault(local.env, {","                        npm_package_description: 'the greatest app in the world!',","                        npm_package_name: 'my-app',","                        npm_package_nameAlias: 'my_app',","                        npm_package_version: '0.0.1'","                    })","                }","            );","        } else {","            local.assetsDict['/'] = local.assetsDict['/assets.index.template.html']","                .replace((/\\{\\{env\\.(\\w+?)\\}\\}/g), function (match0, match1) {","                    // jslint-hack","                    String(match0);","                    switch (match1) {","                    case 'npm_package_description':","                        return 'the greatest app in the world!';","                    case 'npm_package_name':","                        return 'my-app';","                    case 'npm_package_nameAlias':","                        return 'my_app';","                    case 'npm_package_version':","                        return '0.0.1';","                    }","                });","        }","        // run the cli","        if (local.global.utility2_rollup || module !== require.main) {","            break;","        }","        local.assetsDict['/assets.example.js'] =","            local.assetsDict['/assets.example.js'] ||","            local.fs.readFileSync(__filename, 'utf8');","        local.assetsDict['/assets.npmtest_fb.rollup.js'] =","            local.assetsDict['/assets.npmtest_fb.rollup.js'] ||","            local.fs.readFileSync(","                // buildCustomOrg-hack","                local.npmtest_fb.__dirname +","                    '/lib.npmtest_fb.js',","                'utf8'","            ).replace((/^#!/), '//');","        local.assetsDict['/favicon.ico'] = local.assetsDict['/favicon.ico'] || '';","        // if $npm_config_timeout_exit exists,","        // then exit this process after $npm_config_timeout_exit ms","        if (Number(process.env.npm_config_timeout_exit)) {","            setTimeout(process.exit, Number(process.env.npm_config_timeout_exit));","        }","        // start server","        if (local.global.utility2_serverHttp1) {","            break;","        }","        process.env.PORT = process.env.PORT || '8081';","        console.error('server starting on port ' + process.env.PORT);","        local.http.createServer(function (request, response) {","            request.urlParsed = local.url.parse(request.url);","            if (local.assetsDict[request.urlParsed.pathname] !== undefined) {","                response.end(local.assetsDict[request.urlParsed.pathname]);","                return;","            }","            response.statusCode = 404;","            response.end();","        }).listen(process.env.PORT);","        break;","    }","}());",""],"l":{"26":2,"28":2,"33":2,"35":2,"37":2,"38":2,"39":2,"44":1,"51":2,"55":2,"59":2,"61":2,"69":1,"70":2,"76":2,"79":2,"82":2,"83":2,"85":1,"89":2,"92":1,"93":1,"94":1,"96":1,"97":1,"100":1,"101":1,"103":1,"106":1,"108":2,"114":1,"116":1,"118":1,"123":1,"124":2,"125":2,"126":2,"127":2,"128":2,"129":2,"130":1,"133":2,"134":2,"139":2,"143":1,"144":3,"145":1,"149":1,"150":1,"158":1,"160":1,"161":1,"162":1,"164":1,"166":1,"258":1,"259":1,"271":1,"274":6,"275":6,"277":1,"279":2,"281":1,"283":2,"288":1,"289":1,"291":1,"294":1,"302":1,"305":1,"306":1,"309":1,"310":1,"312":1,"313":1,"314":1,"315":1,"316":1,"317":1,"318":1,"320":1,"321":1,"323":1}},"/home/travis/build/npmtest/node-npmtest-fb/node_modules/fb/lib/index.js":{"path":"/home/travis/build/npmtest/node-npmtest-fb/node_modules/fb/lib/index.js","s":{"1":1,"2":1,"3":1,"4":1,"5":1,"6":1,"7":1,"8":3,"9":1,"10":1,"11":1,"12":1,"13":1,"14":1,"15":10,"16":10,"17":1,"18":9,"19":9,"20":0,"21":0,"22":0,"23":1,"24":1,"25":0,"26":1,"27":0,"28":1,"29":5,"30":1},"b":{"1":[3,0],"2":[3,3],"3":[1,9],"4":[9,0],"5":[0,1],"6":[1,0],"7":[0,1]},"f":{"1":3},"fnMap":{"1":{"name":"_interopRequireDefault","line":20,"loc":{"start":{"line":20,"column":0},"end":{"line":20,"column":37}}}},"statementMap":{"1":{"start":{"line":8,"column":0},"end":{"line":8,"column":79}},"2":{"start":{"line":10,"column":0},"end":{"line":10,"column":63}},"3":{"start":{"line":12,"column":0},"end":{"line":12,"column":90}},"4":{"start":{"line":14,"column":0},"end":{"line":14,"column":73}},"5":{"start":{"line":16,"column":0},"end":{"line":16,"column":66}},"6":{"start":{"line":18,"column":0},"end":{"line":18,"column":58}},"7":{"start":{"line":20,"column":0},"end":{"line":20,"column":95}},"8":{"start":{"line":20,"column":39},"end":{"line":20,"column":93}},"9":{"start":{"line":22,"column":0},"end":{"line":23,"column":16}},"10":{"start":{"line":24,"column":0},"end":{"line":24,"column":37}},"11":{"start":{"line":25,"column":0},"end":{"line":25,"column":30}},"12":{"start":{"line":26,"column":0},"end":{"line":26,"column":31}},"13":{"start":{"line":28,"column":0},"end":{"line":53,"column":1}},"14":{"start":{"line":30,"column":1},"end":{"line":39,"column":2}},"15":{"start":{"line":31,"column":2},"end":{"line":31,"column":25}},"16":{"start":{"line":33,"column":2},"end":{"line":33,"column":39}},"17":{"start":{"line":33,"column":30},"end":{"line":33,"column":39}},"18":{"start":{"line":34,"column":2},"end":{"line":38,"column":3}},"19":{"start":{"line":35,"column":3},"end":{"line":35,"column":37}},"20":{"start":{"line":37,"column":3},"end":{"line":37,"column":28}},"21":{"start":{"line":41,"column":1},"end":{"line":41,"column":26}},"22":{"start":{"line":42,"column":1},"end":{"line":42,"column":22}},"23":{"start":{"line":44,"column":1},"end":{"line":52,"column":2}},"24":{"start":{"line":45,"column":2},"end":{"line":47,"column":3}},"25":{"start":{"line":46,"column":3},"end":{"line":46,"column":22}},"26":{"start":{"line":49,"column":2},"end":{"line":51,"column":3}},"27":{"start":{"line":50,"column":3},"end":{"line":50,"column":24}},"28":{"start":{"line":55,"column":0},"end":{"line":57,"column":1}},"29":{"start":{"line":56,"column":1},"end":{"line":56,"column":25}},"30":{"start":{"line":59,"column":0},"end":{"line":59,"column":62}}},"branchMap":{"1":{"line":20,"type":"cond-expr","locations":[{"start":{"line":20,"column":70},"end":{"line":20,"column":73}},{"start":{"line":20,"column":76},"end":{"line":20,"column":92}}]},"2":{"line":20,"type":"binary-expr","locations":[{"start":{"line":20,"column":46},"end":{"line":20,"column":49}},{"start":{"line":20,"column":53},"end":{"line":20,"column":67}}]},"3":{"line":33,"type":"if","locations":[{"start":{"line":33,"column":2},"end":{"line":33,"column":2}},{"start":{"line":33,"column":2},"end":{"line":33,"column":2}}]},"4":{"line":34,"type":"if","locations":[{"start":{"line":34,"column":2},"end":{"line":34,"column":2}},{"start":{"line":34,"column":2},"end":{"line":34,"column":2}}]},"5":{"line":45,"type":"if","locations":[{"start":{"line":45,"column":2},"end":{"line":45,"column":2}},{"start":{"line":45,"column":2},"end":{"line":45,"column":2}}]},"6":{"line":45,"type":"binary-expr","locations":[{"start":{"line":45,"column":6},"end":{"line":45,"column":32}},{"start":{"line":45,"column":36},"end":{"line":45,"column":52}}]},"7":{"line":49,"type":"if","locations":[{"start":{"line":49,"column":2},"end":{"line":49,"column":2}},{"start":{"line":49,"column":2},"end":{"line":49,"column":2}}]}},"code":["'use strict';","/**"," * Simultaneously satisfy require('fb') and Babel based ES2015 `import`"," * by exporting an object using Babel's __esModule which contains the normal"," * exports; and bound versions of the methods on FB."," */","","var _getPrototypeOf = require('babel-runtime/core-js/object/get-prototype-of');","","var _getPrototypeOf2 = _interopRequireDefault(_getPrototypeOf);","","var _getOwnPropertyNames = require('babel-runtime/core-js/object/get-own-property-names');","","var _getOwnPropertyNames2 = _interopRequireDefault(_getOwnPropertyNames);","","var _getIterator2 = require('babel-runtime/core-js/get-iterator');","","var _getIterator3 = _interopRequireDefault(_getIterator2);","","function _interopRequireDefault(obj) { return obj && obj.__esModule ? obj : { default: obj }; }","","var mod = require('./fb'),","    FB = mod.FB;","var _iteratorNormalCompletion = true;","var _didIteratorError = false;","var _iteratorError = undefined;","","try {","","\tfor (var _iterator = (0, _getIterator3.default)((0, _getOwnPropertyNames2.default)((0, _getPrototypeOf2.default)(FB))), _step; !(_iteratorNormalCompletion = (_step = _iterator.next()).done); _iteratorNormalCompletion = true) {","\t\tvar _key = _step.value;","","\t\tif (_key === 'constructor') continue;","\t\tif (typeof FB[_key] === 'function') {","\t\t\texports[_key] = FB[_key].bind(FB);","\t\t} else {","\t\t\texports[_key] = FB[_key];","\t\t}","\t}","} catch (err) {","\t_didIteratorError = true;","\t_iteratorError = err;","} finally {","\ttry {","\t\tif (!_iteratorNormalCompletion && _iterator.return) {","\t\t\t_iterator.return();","\t\t}","\t} finally {","\t\tif (_didIteratorError) {","\t\t\tthrow _iteratorError;","\t\t}","\t}","}","","for (var key in mod) {","\texports[key] = mod[key];","}","","Object.defineProperty(exports, '__esModule', { value: true });"],"l":{"8":1,"10":1,"12":1,"14":1,"16":1,"18":1,"20":3,"22":1,"24":1,"25":1,"26":1,"28":1,"30":1,"31":10,"33":10,"34":9,"35":9,"37":0,"41":0,"42":0,"44":1,"45":1,"46":0,"49":1,"50":0,"55":1,"56":5,"59":1}},"/home/travis/build/npmtest/node-npmtest-fb/node_modules/fb/lib/fb.js":{"path":"/home/travis/build/npmtest/node-npmtest-fb/node_modules/fb/lib/fb.js","s":{"1":1,"2":1,"3":1,"4":1,"5":1,"6":1,"7":1,"8":1,"9":1,"10":1,"11":1,"12":1,"13":1,"14":1,"15":1,"16":1,"17":1,"18":1,"19":1,"20":1,"21":1,"22":1,"23":1,"24":1,"25":1,"26":1,"27":1,"28":1,"29":1,"30":1,"31":1,"32":1,"33":1,"34":1,"35":1,"36":1,"37":1,"38":16,"39":1,"40":9,"41":9,"42":36,"43":9,"44":9,"45":9,"46":9,"47":9,"48":9,"49":9,"50":0,"51":0,"52":9,"53":9,"54":9,"55":9,"56":1,"57":0,"58":0,"59":0,"60":0,"61":0,"62":0,"63":0,"64":0,"65":0,"66":0,"67":0,"68":0,"69":0,"70":0,"71":0,"72":0,"73":0,"74":0,"75":0,"76":0,"77":0,"78":0,"79":0,"80":0,"81":0,"82":0,"83":0,"84":0,"85":0,"86":0,"87":0,"88":0,"89":0,"90":0,"91":1,"92":1,"93":1,"94":1,"95":1,"96":1,"97":1,"98":0,"99":1,"100":1,"101":0,"102":1,"103":0,"104":0,"105":0,"106":0,"107":0,"108":0,"109":0,"110":0,"111":0,"112":0,"113":0,"114":0,"115":0,"116":0,"117":0,"118":0,"119":0,"120":0,"121":0,"122":0,"123":0,"124":0,"125":0,"126":0,"127":0,"128":0,"129":0,"130":0,"131":0,"132":0,"133":0,"134":0,"135":0,"136":0,"137":0,"138":0,"139":0,"140":0,"141":0,"142":0,"143":0,"144":0,"145":0,"146":0,"147":0,"148":0,"149":0,"150":0,"151":0,"152":0,"153":0,"154":0,"155":0,"156":0,"157":0,"158":0,"159":0,"160":0,"161":0,"162":0,"163":0,"164":0,"165":0,"166":0,"167":0,"168":0,"169":0,"170":0,"171":0,"172":0,"173":0,"174":0,"175":0,"176":0,"177":0,"178":0,"179":0,"180":0,"181":0,"182":0,"183":0,"184":0,"185":0,"186":0,"187":0,"188":0,"189":0,"190":0,"191":0,"192":0,"193":0,"194":0,"195":0,"196":0,"197":0,"198":0,"199":0,"200":0,"201":0,"202":0,"203":0,"204":0,"205":0,"206":0,"207":0,"208":0,"209":0,"210":0,"211":0,"212":0,"213":0,"214":0,"215":0,"216":0,"217":0,"218":0,"219":0,"220":0,"221":0,"222":0,"223":0,"224":0,"225":0,"226":0,"227":0,"228":0,"229":0,"230":0,"231":0,"232":0,"233":0,"234":0,"235":0,"236":0,"237":0,"238":0,"239":0,"240":0,"241":0,"242":0,"243":0,"244":0,"245":0,"246":0,"247":0,"248":0,"249":0,"250":0,"251":0,"252":0,"253":1,"254":1,"255":1,"256":1,"257":1,"258":1},"b":{"1":[10,6],"2":[16,16],"3":[9,0],"4":[9,0],"5":[9,0],"6":[0,9],"7":[9,9],"8":[0,0],"9":[9,0],"10":[0,0],"11":[0,0],"12":[0,0],"13":[0,0],"14":[0,0],"15":[0,0],"16":[0,0,0],"17":[0,0],"18":[0,0],"19":[0,0,0],"20":[0,0],"21":[0,0],"22":[0,0],"23":[0,0],"24":[0,1],"25":[0,1],"26":[0,0],"27":[0,0],"28":[0,0],"29":[0,0],"30":[0,0],"31":[0,0],"32":[0,0],"33":[0,0],"34":[0,0],"35":[0,0],"36":[0,0],"37":[0,0],"38":[0,0],"39":[0,0],"40":[0,0],"41":[0,0],"42":[0,0],"43":[0,0],"44":[0,0],"45":[0,0],"46":[0,0],"47":[0,0],"48":[0,0],"49":[0,0],"50":[0,0],"51":[0,0],"52":[0,0],"53":[0,0],"54":[0,0,0],"55":[0,0],"56":[0,0],"57":[0,0],"58":[0,0],"59":[0,0],"60":[0,0],"61":[0,0],"62":[0,0],"63":[0,0],"64":[0,0],"65":[0,0],"66":[0,0],"67":[0,0],"68":[0,0,0],"69":[0,0],"70":[0,0],"71":[0,0],"72":[0,0,0],"73":[0,0,0,0],"74":[0,0],"75":[0,0],"76":[0,0],"77":[0,0],"78":[0,0],"79":[0,0,0],"80":[0,0],"81":[0,0],"82":[0,0],"83":[0,0],"84":[0,0],"85":[0,0,0],"86":[0,0],"87":[0,0],"88":[0,0]},"f":{"1":16,"2":9,"3":36,"4":9,"5":0,"6":0,"7":0,"8":0,"9":0,"10":0,"11":0,"12":0,"13":1,"14":1,"15":0,"16":0,"17":0,"18":0,"19":0,"20":0,"21":0,"22":0,"23":0,"24":0,"25":0,"26":0,"27":0,"28":0,"29":0},"fnMap":{"1":{"name":"_interopRequireDefault","line":76,"loc":{"start":{"line":76,"column":0},"end":{"line":76,"column":37}}},"2":{"name":"_applyDecoratedDescriptor","line":78,"loc":{"start":{"line":78,"column":0},"end":{"line":78,"column":86}}},"3":{"name":"(anonymous_3)","line":80,"loc":{"start":{"line":80,"column":41},"end":{"line":80,"column":56}}},"4":{"name":"(anonymous_4)","line":90,"loc":{"start":{"line":90,"column":44},"end":{"line":90,"column":71}}},"5":{"name":"log","line":114,"loc":{"start":{"line":114,"column":10},"end":{"line":114,"column":26}}},"6":{"name":"isValidOption","line":132,"loc":{"start":{"line":132,"column":20},"end":{"line":132,"column":48}}},"7":{"name":"stringifyParams","line":135,"loc":{"start":{"line":135,"column":22},"end":{"line":135,"column":55}}},"8":{"name":"postParamData","line":150,"loc":{"start":{"line":150,"column":20},"end":{"line":150,"column":51}}},"9":{"name":"getAppSecretProof","line":175,"loc":{"start":{"line":175,"column":24},"end":{"line":175,"column":75}}},"10":{"name":"base64UrlDecode","line":180,"loc":{"start":{"line":180,"column":22},"end":{"line":180,"column":52}}},"11":{"name":"nodeifyCallback","line":185,"loc":{"start":{"line":185,"column":22},"end":{"line":185,"column":65}}},"12":{"name":"(anonymous_12)","line":188,"loc":{"start":{"line":188,"column":8},"end":{"line":188,"column":23}}},"13":{"name":"(anonymous_13)","line":201,"loc":{"start":{"line":201,"column":25},"end":{"line":201,"column":37}}},"14":{"name":"Facebook","line":202,"loc":{"start":{"line":202,"column":1},"end":{"line":202,"column":43}}},"15":{"name":"api","line":229,"loc":{"start":{"line":229,"column":9},"end":{"line":229,"column":24}}},"16":{"name":"(anonymous_16)","line":265,"loc":{"start":{"line":265,"column":23},"end":{"line":265,"column":50}}},"17":{"name":"(anonymous_17)","line":266,"loc":{"start":{"line":266,"column":15},"end":{"line":266,"column":30}}},"18":{"name":"napi","line":293,"loc":{"start":{"line":293,"column":9},"end":{"line":293,"column":25}}},"19":{"name":"value","line":360,"loc":{"start":{"line":360,"column":9},"end":{"line":360,"column":36}}},"20":{"name":"value","line":414,"loc":{"start":{"line":414,"column":9},"end":{"line":414,"column":50}}},"21":{"name":"(anonymous_21)","line":417,"loc":{"start":{"line":417,"column":14},"end":{"line":417,"column":26}}},"22":{"name":"(anonymous_22)","line":479,"loc":{"start":{"line":479,"column":42},"end":{"line":479,"column":75}}},"23":{"name":"parseSignedRequest","line":521,"loc":{"start":{"line":521,"column":9},"end":{"line":521,"column":52}}},"24":{"name":"getLoginUrl","line":605,"loc":{"start":{"line":605,"column":9},"end":{"line":605,"column":32}}},"25":{"name":"options","line":638,"loc":{"start":{"line":638,"column":9},"end":{"line":638,"column":40}}},"26":{"name":"extend","line":669,"loc":{"start":{"line":669,"column":9},"end":{"line":669,"column":31}}},"27":{"name":"getAccessToken","line":674,"loc":{"start":{"line":674,"column":9},"end":{"line":674,"column":35}}},"28":{"name":"setAccessToken","line":679,"loc":{"start":{"line":679,"column":9},"end":{"line":679,"column":46}}},"29":{"name":"withAccessToken","line":685,"loc":{"start":{"line":685,"column":9},"end":{"line":685,"column":47}}}},"statementMap":{"1":{"start":{"line":3,"column":0},"end":{"line":5,"column":3}},"2":{"start":{"line":6,"column":0},"end":{"line":6,"column":91}},"3":{"start":{"line":8,"column":0},"end":{"line":8,"column":100}},"4":{"start":{"line":10,"column":0},"end":{"line":10,"column":83}},"5":{"start":{"line":12,"column":0},"end":{"line":12,"column":69}},"6":{"start":{"line":14,"column":0},"end":{"line":14,"column":62}},"7":{"start":{"line":16,"column":0},"end":{"line":16,"column":57}},"8":{"start":{"line":18,"column":0},"end":{"line":18,"column":50}},"9":{"start":{"line":20,"column":0},"end":{"line":20,"column":71}},"10":{"start":{"line":22,"column":0},"end":{"line":22,"column":64}},"11":{"start":{"line":24,"column":0},"end":{"line":24,"column":65}},"12":{"start":{"line":26,"column":0},"end":{"line":26,"column":58}},"13":{"start":{"line":28,"column":0},"end":{"line":28,"column":54}},"14":{"start":{"line":30,"column":0},"end":{"line":30,"column":47}},"15":{"start":{"line":32,"column":0},"end":{"line":32,"column":65}},"16":{"start":{"line":34,"column":0},"end":{"line":34,"column":53}},"17":{"start":{"line":36,"column":0},"end":{"line":36,"column":61}},"18":{"start":{"line":38,"column":0},"end":{"line":38,"column":47}},"19":{"start":{"line":40,"column":0},"end":{"line":40,"column":61}},"20":{"start":{"line":42,"column":0},"end":{"line":42,"column":47}},"21":{"start":{"line":44,"column":0},"end":{"line":44,"column":26}},"22":{"start":{"line":46,"column":0},"end":{"line":46,"column":41}},"23":{"start":{"line":48,"column":0},"end":{"line":48,"column":55}},"24":{"start":{"line":50,"column":0},"end":{"line":50,"column":49}},"25":{"start":{"line":52,"column":0},"end":{"line":52,"column":30}},"26":{"start":{"line":54,"column":0},"end":{"line":54,"column":45}},"27":{"start":{"line":56,"column":0},"end":{"line":56,"column":34}},"28":{"start":{"line":58,"column":0},"end":{"line":58,"column":49}},"29":{"start":{"line":60,"column":0},"end":{"line":60,"column":26}},"30":{"start":{"line":62,"column":0},"end":{"line":62,"column":41}},"31":{"start":{"line":64,"column":0},"end":{"line":64,"column":42}},"32":{"start":{"line":66,"column":0},"end":{"line":66,"column":57}},"33":{"start":{"line":68,"column":0},"end":{"line":68,"column":32}},"34":{"start":{"line":70,"column":0},"end":{"line":70,"column":47}},"35":{"start":{"line":72,"column":0},"end":{"line":72,"column":62}},"36":{"start":{"line":74,"column":0},"end":{"line":74,"column":75}},"37":{"start":{"line":76,"column":0},"end":{"line":76,"column":95}},"38":{"start":{"line":76,"column":39},"end":{"line":76,"column":93}},"39":{"start":{"line":78,"column":0},"end":{"line":105,"column":1}},"40":{"start":{"line":79,"column":1},"end":{"line":79,"column":15}},"41":{"start":{"line":80,"column":1},"end":{"line":82,"column":4}},"42":{"start":{"line":81,"column":2},"end":{"line":81,"column":30}},"43":{"start":{"line":83,"column":1},"end":{"line":83,"column":37}},"44":{"start":{"line":84,"column":1},"end":{"line":84,"column":41}},"45":{"start":{"line":86,"column":1},"end":{"line":88,"column":2}},"46":{"start":{"line":87,"column":2},"end":{"line":87,"column":23}},"47":{"start":{"line":90,"column":1},"end":{"line":92,"column":10}},"48":{"start":{"line":91,"column":2},"end":{"line":91,"column":51}},"49":{"start":{"line":94,"column":1},"end":{"line":97,"column":2}},"50":{"start":{"line":95,"column":2},"end":{"line":95,"column":74}},"51":{"start":{"line":96,"column":2},"end":{"line":96,"column":31}},"52":{"start":{"line":99,"column":1},"end":{"line":102,"column":2}},"53":{"start":{"line":100,"column":2},"end":{"line":100,"column":56}},"54":{"start":{"line":101,"column":2},"end":{"line":101,"column":14}},"55":{"start":{"line":104,"column":1},"end":{"line":104,"column":13}},"56":{"start":{"line":107,"column":0},"end":{"line":195,"column":2}},"57":{"start":{"line":116,"column":1},"end":{"line":116,"column":16}},"58":{"start":{"line":133,"column":1},"end":{"line":133,"column":38}},"59":{"start":{"line":136,"column":1},"end":{"line":136,"column":15}},"60":{"start":{"line":138,"column":1},"end":{"line":146,"column":2}},"61":{"start":{"line":139,"column":2},"end":{"line":139,"column":26}},"62":{"start":{"line":140,"column":2},"end":{"line":142,"column":3}},"63":{"start":{"line":141,"column":3},"end":{"line":141,"column":43}},"64":{"start":{"line":143,"column":2},"end":{"line":145,"column":3}},"65":{"start":{"line":144,"column":3},"end":{"line":144,"column":21}},"66":{"start":{"line":148,"column":1},"end":{"line":148,"column":46}},"67":{"start":{"line":151,"column":1},"end":{"line":152,"column":24}},"68":{"start":{"line":154,"column":1},"end":{"line":171,"column":2}},"69":{"start":{"line":155,"column":2},"end":{"line":155,"column":26}},"70":{"start":{"line":156,"column":2},"end":{"line":167,"column":3}},"71":{"start":{"line":157,"column":3},"end":{"line":157,"column":16}},"72":{"start":{"line":159,"column":3},"end":{"line":159,"column":165}},"73":{"start":{"line":160,"column":3},"end":{"line":166,"column":4}},"74":{"start":{"line":161,"column":4},"end":{"line":161,"column":22}},"75":{"start":{"line":162,"column":10},"end":{"line":166,"column":4}},"76":{"start":{"line":163,"column":4},"end":{"line":163,"column":22}},"77":{"start":{"line":165,"column":4},"end":{"line":165,"column":44}},"78":{"start":{"line":168,"column":2},"end":{"line":170,"column":3}},"79":{"start":{"line":169,"column":3},"end":{"line":169,"column":21}},"80":{"start":{"line":173,"column":1},"end":{"line":173,"column":53}},"81":{"start":{"line":176,"column":1},"end":{"line":176,"column":61}},"82":{"start":{"line":177,"column":1},"end":{"line":177,"column":26}},"83":{"start":{"line":178,"column":1},"end":{"line":178,"column":27}},"84":{"start":{"line":181,"column":1},"end":{"line":181,"column":63}},"85":{"start":{"line":182,"column":1},"end":{"line":182,"column":49}},"86":{"start":{"line":183,"column":1},"end":{"line":183,"column":32}},"87":{"start":{"line":188,"column":1},"end":{"line":194,"column":3}},"88":{"start":{"line":189,"column":2},"end":{"line":193,"column":3}},"89":{"start":{"line":190,"column":3},"end":{"line":190,"column":61}},"90":{"start":{"line":192,"column":3},"end":{"line":192,"column":31}},"91":{"start":{"line":197,"column":0},"end":{"line":197,"column":42}},"92":{"start":{"line":198,"column":0},"end":{"line":198,"column":43}},"93":{"start":{"line":199,"column":0},"end":{"line":199,"column":57}},"94":{"start":{"line":201,"column":0},"end":{"line":690,"column":1621}},"95":{"start":{"line":202,"column":1},"end":{"line":214,"column":2}},"96":{"start":{"line":203,"column":2},"end":{"line":203,"column":48}},"97":{"start":{"line":205,"column":2},"end":{"line":209,"column":3}},"98":{"start":{"line":206,"column":3},"end":{"line":206,"column":64}},"99":{"start":{"line":208,"column":3},"end":{"line":208,"column":55}},"100":{"start":{"line":211,"column":2},"end":{"line":213,"column":3}},"101":{"start":{"line":212,"column":3},"end":{"line":212,"column":22}},"102":{"start":{"line":227,"column":1},"end":{"line":688,"column":5}},"103":{"start":{"line":230,"column":3},"end":{"line":232,"column":4}},"104":{"start":{"line":231,"column":4},"end":{"line":231,"column":33}},"105":{"start":{"line":261,"column":3},"end":{"line":261,"column":20}},"106":{"start":{"line":263,"column":3},"end":{"line":274,"column":4}},"107":{"start":{"line":264,"column":4},"end":{"line":264,"column":43}},"108":{"start":{"line":265,"column":4},"end":{"line":273,"column":7}},"109":{"start":{"line":266,"column":5},"end":{"line":272,"column":8}},"110":{"start":{"line":267,"column":6},"end":{"line":271,"column":7}},"111":{"start":{"line":268,"column":7},"end":{"line":268,"column":55}},"112":{"start":{"line":270,"column":7},"end":{"line":270,"column":20}},"113":{"start":{"line":276,"column":3},"end":{"line":276,"column":33}},"114":{"start":{"line":278,"column":3},"end":{"line":278,"column":14}},"115":{"start":{"line":294,"column":3},"end":{"line":296,"column":4}},"116":{"start":{"line":295,"column":4},"end":{"line":295,"column":35}},"117":{"start":{"line":329,"column":3},"end":{"line":332,"column":4}},"118":{"start":{"line":330,"column":4},"end":{"line":330,"column":38}},"119":{"start":{"line":331,"column":4},"end":{"line":331,"column":109}},"120":{"start":{"line":334,"column":3},"end":{"line":334,"column":30}},"121":{"start":{"line":361,"column":3},"end":{"line":361,"column":26}},"122":{"start":{"line":363,"column":3},"end":{"line":365,"column":4}},"123":{"start":{"line":364,"column":4},"end":{"line":364,"column":66}},"124":{"start":{"line":367,"column":3},"end":{"line":369,"column":4}},"125":{"start":{"line":368,"column":4},"end":{"line":368,"column":39}},"126":{"start":{"line":371,"column":3},"end":{"line":384,"column":4}},"127":{"start":{"line":372,"column":4},"end":{"line":372,"column":27}},"128":{"start":{"line":373,"column":4},"end":{"line":382,"column":5}},"129":{"start":{"line":374,"column":5},"end":{"line":374,"column":33}},"130":{"start":{"line":375,"column":11},"end":{"line":382,"column":5}},"131":{"start":{"line":376,"column":5},"end":{"line":376,"column":15}},"132":{"start":{"line":377,"column":11},"end":{"line":382,"column":5}},"133":{"start":{"line":378,"column":5},"end":{"line":378,"column":19}},"134":{"start":{"line":380,"column":5},"end":{"line":380,"column":57}},"135":{"start":{"line":381,"column":5},"end":{"line":381,"column":12}},"136":{"start":{"line":383,"column":4},"end":{"line":383,"column":24}},"137":{"start":{"line":386,"column":3},"end":{"line":386,"column":28}},"138":{"start":{"line":387,"column":3},"end":{"line":387,"column":25}},"139":{"start":{"line":390,"column":3},"end":{"line":392,"column":4}},"140":{"start":{"line":391,"column":4},"end":{"line":391,"column":26}},"141":{"start":{"line":394,"column":3},"end":{"line":397,"column":4}},"142":{"start":{"line":395,"column":4},"end":{"line":395,"column":56}},"143":{"start":{"line":396,"column":4},"end":{"line":396,"column":11}},"144":{"start":{"line":399,"column":3},"end":{"line":399,"column":48}},"145":{"start":{"line":415,"column":3},"end":{"line":415,"column":70}},"146":{"start":{"line":417,"column":3},"end":{"line":417,"column":29}},"147":{"start":{"line":418,"column":3},"end":{"line":427,"column":4}},"148":{"start":{"line":419,"column":4},"end":{"line":424,"column":5}},"149":{"start":{"line":420,"column":5},"end":{"line":420,"column":55}},"150":{"start":{"line":421,"column":5},"end":{"line":423,"column":6}},"151":{"start":{"line":422,"column":6},"end":{"line":422,"column":62}},"152":{"start":{"line":425,"column":10},"end":{"line":427,"column":4}},"153":{"start":{"line":426,"column":4},"end":{"line":426,"column":95}},"154":{"start":{"line":429,"column":3},"end":{"line":431,"column":4}},"155":{"start":{"line":430,"column":4},"end":{"line":430,"column":48}},"156":{"start":{"line":432,"column":3},"end":{"line":432,"column":84}},"157":{"start":{"line":434,"column":3},"end":{"line":434,"column":40}},"158":{"start":{"line":435,"column":3},"end":{"line":435,"column":27}},"159":{"start":{"line":436,"column":3},"end":{"line":436,"column":62}},"160":{"start":{"line":438,"column":3},"end":{"line":454,"column":4}},"161":{"start":{"line":439,"column":4},"end":{"line":447,"column":5}},"162":{"start":{"line":440,"column":5},"end":{"line":440,"column":52}},"163":{"start":{"line":441,"column":5},"end":{"line":441,"column":32}},"164":{"start":{"line":443,"column":5},"end":{"line":446,"column":6}},"165":{"start":{"line":444,"column":6},"end":{"line":444,"column":59}},"166":{"start":{"line":445,"column":6},"end":{"line":445,"column":36}},"167":{"start":{"line":449,"column":4},"end":{"line":449,"column":40}},"168":{"start":{"line":451,"column":4},"end":{"line":453,"column":5}},"169":{"start":{"line":452,"column":5},"end":{"line":452,"column":36}},"170":{"start":{"line":456,"column":3},"end":{"line":456,"column":51}},"171":{"start":{"line":457,"column":3},"end":{"line":457,"column":41}},"172":{"start":{"line":459,"column":3},"end":{"line":459,"column":93}},"173":{"start":{"line":460,"column":3},"end":{"line":465,"column":6}},"174":{"start":{"line":466,"column":3},"end":{"line":468,"column":4}},"175":{"start":{"line":467,"column":4},"end":{"line":467,"column":52}},"176":{"start":{"line":469,"column":3},"end":{"line":471,"column":4}},"177":{"start":{"line":470,"column":4},"end":{"line":470,"column":56}},"178":{"start":{"line":472,"column":3},"end":{"line":476,"column":4}},"179":{"start":{"line":473,"column":4},"end":{"line":475,"column":6}},"180":{"start":{"line":478,"column":3},"end":{"line":478,"column":46}},"181":{"start":{"line":479,"column":3},"end":{"line":502,"column":6}},"182":{"start":{"line":480,"column":4},"end":{"line":485,"column":5}},"183":{"start":{"line":481,"column":5},"end":{"line":483,"column":6}},"184":{"start":{"line":482,"column":6},"end":{"line":482,"column":23}},"185":{"start":{"line":484,"column":5},"end":{"line":484,"column":26}},"186":{"start":{"line":487,"column":4},"end":{"line":487,"column":22}},"187":{"start":{"line":488,"column":4},"end":{"line":500,"column":5}},"188":{"start":{"line":489,"column":5},"end":{"line":489,"column":29}},"189":{"start":{"line":494,"column":5},"end":{"line":499,"column":7}},"190":{"start":{"line":501,"column":4},"end":{"line":501,"column":13}},"191":{"start":{"line":522,"column":3},"end":{"line":522,"column":17}},"192":{"start":{"line":524,"column":3},"end":{"line":526,"column":4}},"193":{"start":{"line":525,"column":4},"end":{"line":525,"column":39}},"194":{"start":{"line":529,"column":3},"end":{"line":536,"column":23}},"195":{"start":{"line":538,"column":3},"end":{"line":541,"column":4}},"196":{"start":{"line":539,"column":4},"end":{"line":539,"column":38}},"197":{"start":{"line":540,"column":4},"end":{"line":540,"column":11}},"198":{"start":{"line":543,"column":3},"end":{"line":545,"column":4}},"199":{"start":{"line":544,"column":4},"end":{"line":544,"column":42}},"200":{"start":{"line":547,"column":3},"end":{"line":547,"column":36}},"201":{"start":{"line":549,"column":3},"end":{"line":552,"column":4}},"202":{"start":{"line":550,"column":4},"end":{"line":550,"column":38}},"203":{"start":{"line":551,"column":4},"end":{"line":551,"column":11}},"204":{"start":{"line":554,"column":3},"end":{"line":554,"column":22}},"205":{"start":{"line":556,"column":3},"end":{"line":556,"column":57}},"206":{"start":{"line":558,"column":3},"end":{"line":558,"column":33}},"207":{"start":{"line":559,"column":3},"end":{"line":559,"column":32}},"208":{"start":{"line":562,"column":3},"end":{"line":565,"column":4}},"209":{"start":{"line":563,"column":4},"end":{"line":563,"column":38}},"210":{"start":{"line":564,"column":4},"end":{"line":564,"column":11}},"211":{"start":{"line":567,"column":3},"end":{"line":572,"column":4}},"212":{"start":{"line":568,"column":4},"end":{"line":568,"column":60}},"213":{"start":{"line":570,"column":4},"end":{"line":570,"column":67}},"214":{"start":{"line":571,"column":4},"end":{"line":571,"column":11}},"215":{"start":{"line":574,"column":3},"end":{"line":577,"column":4}},"216":{"start":{"line":575,"column":4},"end":{"line":575,"column":97}},"217":{"start":{"line":576,"column":4},"end":{"line":576,"column":11}},"218":{"start":{"line":579,"column":3},"end":{"line":579,"column":59}},"219":{"start":{"line":580,"column":3},"end":{"line":580,"column":32}},"220":{"start":{"line":581,"column":3},"end":{"line":581,"column":40}},"221":{"start":{"line":584,"column":3},"end":{"line":584,"column":57}},"222":{"start":{"line":587,"column":3},"end":{"line":587,"column":77}},"223":{"start":{"line":589,"column":3},"end":{"line":592,"column":4}},"224":{"start":{"line":590,"column":4},"end":{"line":590,"column":34}},"225":{"start":{"line":591,"column":4},"end":{"line":591,"column":11}},"226":{"start":{"line":594,"column":3},"end":{"line":594,"column":19}},"227":{"start":{"line":606,"column":3},"end":{"line":606,"column":84}},"228":{"start":{"line":609,"column":3},"end":{"line":616,"column":23}},"229":{"start":{"line":618,"column":3},"end":{"line":620,"column":4}},"230":{"start":{"line":619,"column":4},"end":{"line":619,"column":42}},"231":{"start":{"line":622,"column":3},"end":{"line":624,"column":4}},"232":{"start":{"line":623,"column":4},"end":{"line":623,"column":55}},"233":{"start":{"line":626,"column":3},"end":{"line":628,"column":4}},"234":{"start":{"line":627,"column":4},"end":{"line":627,"column":41}},"235":{"start":{"line":630,"column":3},"end":{"line":632,"column":4}},"236":{"start":{"line":631,"column":4},"end":{"line":631,"column":35}},"237":{"start":{"line":634,"column":3},"end":{"line":634,"column":270}},"238":{"start":{"line":640,"column":3},"end":{"line":640,"column":23}},"239":{"start":{"line":641,"column":3},"end":{"line":643,"column":4}},"240":{"start":{"line":642,"column":4},"end":{"line":642,"column":13}},"241":{"start":{"line":644,"column":3},"end":{"line":646,"column":4}},"242":{"start":{"line":645,"column":4},"end":{"line":645,"column":85}},"243":{"start":{"line":647,"column":3},"end":{"line":657,"column":4}},"244":{"start":{"line":648,"column":4},"end":{"line":656,"column":5}},"245":{"start":{"line":649,"column":5},"end":{"line":649,"column":32}},"246":{"start":{"line":650,"column":5},"end":{"line":655,"column":6}},"247":{"start":{"line":653,"column":7},"end":{"line":653,"column":110}},"248":{"start":{"line":654,"column":7},"end":{"line":654,"column":13}},"249":{"start":{"line":670,"column":3},"end":{"line":670,"column":35}},"250":{"start":{"line":675,"column":3},"end":{"line":675,"column":38}},"251":{"start":{"line":681,"column":3},"end":{"line":681,"column":33}},"252":{"start":{"line":686,"column":3},"end":{"line":686,"column":39}},"253":{"start":{"line":689,"column":1},"end":{"line":689,"column":17}},"254":{"start":{"line":691,"column":0},"end":{"line":691,"column":37}},"255":{"start":{"line":692,"column":0},"end":{"line":692,"column":21}},"256":{"start":{"line":693,"column":0},"end":{"line":693,"column":28}},"257":{"start":{"line":694,"column":0},"end":{"line":694,"column":62}},"258":{"start":{"line":695,"column":0},"end":{"line":695,"column":26}}},"branchMap":{"1":{"line":76,"type":"cond-expr","locations":[{"start":{"line":76,"column":70},"end":{"line":76,"column":73}},{"start":{"line":76,"column":76},"end":{"line":76,"column":92}}]},"2":{"line":76,"type":"binary-expr","locations":[{"start":{"line":76,"column":46},"end":{"line":76,"column":49}},{"start":{"line":76,"column":53},"end":{"line":76,"column":67}}]},"3":{"line":86,"type":"if","locations":[{"start":{"line":86,"column":1},"end":{"line":86,"column":1}},{"sta
[...]
  * @param path {String} the url path","   * @param method {String} the http method (default: `\"GET\"`)","   * @param params {Object} the parameters for the query","   * @param cb {Function} the callback function to handle the error and response","   */","\t\t// this method does not exist in fb js sdk","","\t}, {","\t\tkey: 'napi',","\t\tvalue: function napi() {","\t\t\tfor (var _len2 = arguments.length, args = Array(_len2), _key2 = 0; _key2 < _len2; _key2++) {","\t\t\t\targs[_key2] = arguments[_key2];","\t\t\t}","","\t\t\t//","\t\t\t// normalizes to node style callback so can use the sdk with async control flow node libraries","\t\t\t//  first parameters:          error (always type of FacebookApiException)","\t\t\t//  second callback parameter: response","\t\t\t//","\t\t\t// FB.napi('/platform', function(err, response) {","\t\t\t//  console.log(response.company_overview);","\t\t\t// });","\t\t\t//","\t\t\t// FB.napi('/platform/posts', { limit: 3 }, function(err, response) {","\t\t\t// });","\t\t\t//","\t\t\t// FB.napi('/me/feed', 'post', { message: body }, function(error, response) {","\t\t\t//  if(error) {","\t\t\t//      console.log('Error occured');","\t\t\t//  } else {","\t\t\t//      console.log('Post ID:' + response.id);","\t\t\t//  }","\t\t\t// });","\t\t\t//","\t\t\t// var postId = '1234567890';","\t\t\t// FB.napi(postId, 'delete', function(error, response) {","\t\t\t//  if(error) {","\t\t\t//      console.log('Error occurred');","\t\t\t//  } else {","\t\t\t//      console.log('Post was deleted');","\t\t\t//  }","\t\t\t// });","\t\t\t//","\t\t\t//","","\t\t\tif (args.length > 0) {","\t\t\t\tvar originalCallback = args.pop();","\t\t\t\targs.push(typeof originalCallback === 'function' ? nodeifyCallback(originalCallback) : originalCallback);","\t\t\t}","","\t\t\tthis.api.apply(this, args);","\t\t}","","\t\t/**","   *","   * Make a api call to Graph server.","   *","   * Except the path, all arguments to this function are optiona. So any of","   * these are valid:","   *","   *  FB.api('/me') // throw away the response","   *  FB.api('/me', function(r) { console.log(r) })","   *  FB.api('/me', { fields: 'email' }); // throw away response","   *  FB.api('/me', { fields: 'email' }, function(r) { console.log(r) });","   *  FB.api('/123456789', 'delete', function(r) { console.log(r) } );","   *  FB.api(","   *      '/me/feed',","   *      'post',","   *      { body: 'hi there' },","   *      function(r) { console.log(r) }","   *  );","   *","   */","","\t}, {","\t\tkey: graph,","\t\tvalue: function value(path, next) {","\t\t\tvar method, params, cb;","","\t\t\tif (typeof path !== 'string') {","\t\t\t\tthrow new Error(`Path is of type ${typeof path}, not string`);","\t\t\t}","","\t\t\tfor (var _len3 = arguments.length, args = Array(_len3 > 2 ? _len3 - 2 : 0), _key3 = 2; _key3 < _len3; _key3++) {","\t\t\t\targs[_key3 - 2] = arguments[_key3];","\t\t\t}","","\t\t\twhile (next) {","\t\t\t\tvar type = typeof next;","\t\t\t\tif (type === 'string' && !method) {","\t\t\t\t\tmethod = next.toLowerCase();","\t\t\t\t} else if (type === 'function' && !cb) {","\t\t\t\t\tcb = next;","\t\t\t\t} else if (type === 'object' && !params) {","\t\t\t\t\tparams = next;","\t\t\t\t} else {","\t\t\t\t\tlog('Invalid argument passed to FB.api(): ' + next);","\t\t\t\t\treturn;","\t\t\t\t}","\t\t\t\tnext = args.shift();","\t\t\t}","","\t\t\tmethod = method || 'get';","\t\t\tparams = params || {};","","\t\t\t// remove prefix slash if one is given, as it's already in the base url","\t\t\tif (path[0] === '/') {","\t\t\t\tpath = path.substr(1);","\t\t\t}","","\t\t\tif (METHODS.indexOf(method) < 0) {","\t\t\t\tlog('Invalid method passed to FB.api(): ' + method);","\t\t\t\treturn;","\t\t\t}","","\t\t\tthis[oauthRequest](path, method, params, cb);","\t\t}","","\t\t/**","   * Add the oauth parameter, and fire of a request.","   *","   * @access private","   * @param path {String}     the request path","   * @param method {String}   the http method","   * @param params {Object}   the parameters for the query","   * @param cb {Function}     the callback function to handle the response","   */","","\t}, {","\t\tkey: oauthRequest,","\t\tvalue: function value(path, method, params, cb) {","\t\t\tvar uri, parsedUri, parsedQuery, formOptions, requestOptions, pool;","","\t\t\tcb = cb || function () {};","\t\t\tif (!params.access_token) {","\t\t\t\tif (this.options('accessToken')) {","\t\t\t\t\tparams.access_token = this.options('accessToken');","\t\t\t\t\tif (this.options('appSecret')) {","\t\t\t\t\t\tparams.appsecret_proof = this.options('appSecretProof');","\t\t\t\t\t}","\t\t\t\t}","\t\t\t} else if (!params.appsecret_proof && this.options('appSecret')) {","\t\t\t\tparams.appsecret_proof = getAppSecretProof(params.access_token, this.options('appSecret'));","\t\t\t}","","\t\t\tif (!/^v\\d+\\.\\d+\\//.test(path)) {","\t\t\t\tpath = this.options('version') + '/' + path;","\t\t\t}","\t\t\turi = `https://graph.${this.options('beta') ? 'beta.' : ''}facebook.com/${path}`;","","\t\t\tparsedUri = _url2.default.parse(uri);","\t\t\tdelete parsedUri.search;","\t\t\tparsedQuery = _querystring2.default.parse(parsedUri.query);","","\t\t\tif (method === 'post') {","\t\t\t\tif (params.access_token) {","\t\t\t\t\tparsedQuery.access_token = params.access_token;","\t\t\t\t\tdelete params.access_token;","","\t\t\t\t\tif (params.appsecret_proof) {","\t\t\t\t\t\tparsedQuery.appsecret_proof = params.appsecret_proof;","\t\t\t\t\t\tdelete params.appsecret_proof;","\t\t\t\t\t}","\t\t\t\t}","","\t\t\t\tformOptions = postParamData(params);","\t\t\t} else {","\t\t\t\tfor (var key in params) {","\t\t\t\t\tparsedQuery[key] = params[key];","\t\t\t\t}","\t\t\t}","","\t\t\tparsedUri.search = stringifyParams(parsedQuery);","\t\t\turi = _url2.default.format(parsedUri);","","\t\t\tpool = { maxSockets: this.options('maxSockets') || Number(process.env.MAX_SOCKETS) || 5 };","\t\t\trequestOptions = (0, _extends3.default)({","\t\t\t\tmethod,","\t\t\t\turi","\t\t\t}, formOptions, {","\t\t\t\tpool","\t\t\t});","\t\t\tif (this.options('proxy')) {","\t\t\t\trequestOptions['proxy'] = this.options('proxy');","\t\t\t}","\t\t\tif (this.options('timeout')) {","\t\t\t\trequestOptions['timeout'] = this.options('timeout');","\t\t\t}","\t\t\tif (this.options('userAgent')) {","\t\t\t\trequestOptions['headers'] = {","\t\t\t\t\t'User-Agent': this.options('userAgent')","\t\t\t\t};","\t\t\t}","","\t\t\tdebugReq(method.toUpperCase() + ' ' + uri);","\t\t\t(0, _request2.default)(requestOptions, function (error, response, body) {","\t\t\t\tif (error !== null) {","\t\t\t\t\tif (error === Object(error) && has.call(error, 'error')) {","\t\t\t\t\t\treturn cb(error);","\t\t\t\t\t}","\t\t\t\t\treturn cb({ error });","\t\t\t\t}","","\t\t\t\tvar json = void 0;","\t\t\t\ttry {","\t\t\t\t\tjson = JSON.parse(body);","\t\t\t\t} catch (ex) {","\t\t\t\t\t// sometimes FB is has API errors that return HTML and a message","\t\t\t\t\t// of \"Sorry, something went wrong\". These are infrequent and unpredictable but","\t\t\t\t\t// let's not let them blow up our application.","\t\t\t\t\tjson = {","\t\t\t\t\t\terror: {","\t\t\t\t\t\t\tcode: 'JSONPARSE',","\t\t\t\t\t\t\tError: ex","\t\t\t\t\t\t}","\t\t\t\t\t};","\t\t\t\t}","\t\t\t\tcb(json);","\t\t\t});","\t\t}","","\t\t/**","   *","   * @access public","   * @param signedRequest {String} the signed request value","   * @param appSecret {String} the application secret","   * @return {Object} the parsed signed request or undefined if failed","   *","   * throws error if appSecret is not defined","   *","   * FB.parseSignedRequest('signedRequest', 'appSecret')","   * FB.parseSignedRequest('signedRequest') // will use appSecret from options('appSecret')","   *","   */","","\t}, {","\t\tkey: 'parseSignedRequest',","\t\tvalue: function parseSignedRequest(signedRequest) {","\t\t\tvar _context2;","","\t\t\tfor (var _len4 = arguments.length, args = Array(_len4 > 1 ? _len4 - 1 : 0), _key4 = 1; _key4 < _len4; _key4++) {","\t\t\t\targs[_key4 - 1] = arguments[_key4];","\t\t\t}","","\t\t\t// this method does not exist in fb js sdk","\t\t\tvar appSecret = args.shift() || this.options('appSecret'),","\t\t\t    split,","\t\t\t    encodedSignature,","\t\t\t    encodedEnvelope,","\t\t\t    envelope,","\t\t\t    hmac,","\t\t\t    base64Digest,","\t\t\t    base64UrlDigest;","","\t\t\tif (!signedRequest) {","\t\t\t\tdebugSig('invalid signedRequest');","\t\t\t\treturn;","\t\t\t}","","\t\t\tif (!appSecret) {","\t\t\t\tthrow new Error('appSecret required');","\t\t\t}","","\t\t\tsplit = signedRequest.split('.');","","\t\t\tif (split.length !== 2) {","\t\t\t\tdebugSig('invalid signedRequest');","\t\t\t\treturn;","\t\t\t}","","\t\t\tvar _split = split;","","\t\t\tvar _split2 = (0, _slicedToArray3.default)(_split, 2);","","\t\t\tencodedSignature = _split2[0];","\t\t\tencodedEnvelope = _split2[1];","","","\t\t\tif (!encodedSignature || !encodedEnvelope) {","\t\t\t\tdebugSig('invalid signedRequest');","\t\t\t\treturn;","\t\t\t}","","\t\t\ttry {","\t\t\t\tenvelope = JSON.parse(base64UrlDecode(encodedEnvelope));","\t\t\t} catch (ex) {","\t\t\t\tdebugSig('encodedEnvelope is not a valid base64 encoded JSON');","\t\t\t\treturn;","\t\t\t}","","\t\t\tif (!(envelope && (_context2 = envelope, has).call(_context2, 'algorithm') && envelope.algorithm.toUpperCase() === 'HMAC-SHA256')) {","\t\t\t\tdebugSig(envelope.algorithm + ' is not a supported algorithm, must be one of [HMAC-SHA256]');","\t\t\t\treturn;","\t\t\t}","","\t\t\thmac = _crypto2.default.createHmac('sha256', appSecret);","\t\t\thmac.update(encodedEnvelope);","\t\t\tbase64Digest = hmac.digest('base64');","","\t\t\t// remove Base64 padding","\t\t\tbase64UrlDigest = base64Digest.replace(/={1,3}$/, '');","","\t\t\t// Replace illegal characters","\t\t\tbase64UrlDigest = base64UrlDigest.replace(/\\+/g, '-').replace(/\\//g, '_');","","\t\t\tif (base64UrlDigest !== encodedSignature) {","\t\t\t\tdebugSig('invalid signature');","\t\t\t\treturn;","\t\t\t}","","\t\t\treturn envelope;","\t\t}","","\t\t/**","   *","   * @access public","   * @param opt {Object} the parameters for appId and scope","   */","","\t}, {","\t\tkey: 'getLoginUrl',","\t\tvalue: function getLoginUrl() {","\t\t\tvar opt = arguments.length > 0 && arguments[0] !== undefined ? arguments[0] : {};","","\t\t\t// this method does not exist in fb js sdk","\t\t\tvar clientId = opt.appId || opt.client_id || this.options('appId'),","\t\t\t    redirectUri = opt.redirectUri || opt.redirect_uri || this.options('redirectUri') || 'https://www.facebook.com/connect/login_success.html',","\t\t\t    scope = opt.scope || this.options('scope'),","\t\t\t    display = opt.display,","\t\t\t    state = opt.state,","\t\t\t    scopeQuery = '',","\t\t\t    displayQuery = '',","\t\t\t    stateQuery = '';","","\t\t\tif (!clientId) {","\t\t\t\tthrow new Error('client_id required');","\t\t\t}","","\t\t\tif (scope) {","\t\t\t\tscopeQuery = '&scope=' + encodeURIComponent(scope);","\t\t\t}","","\t\t\tif (display) {","\t\t\t\tdisplayQuery = '&display=' + display;","\t\t\t}","","\t\t\tif (state) {","\t\t\t\tstateQuery = '&state=' + state;","\t\t\t}","","\t\t\treturn `https://www.facebook.com/${this.options('version')}/dialog/oauth` + '?response_type=' + (opt.responseType || opt.response_type || 'code') + scopeQuery + displayQuery + stateQuery + '&redirect_uri=' + encodeURIComponent(redirectUri) + '&client_id=' + clientId;","\t\t}","\t}, {","\t\tkey: 'options',","\t\tvalue: function options(keyOrOptions) {","\t\t\t// this method does not exist in the fb js sdk","\t\t\tvar o = this[_opts];","\t\t\tif (!keyOrOptions) {","\t\t\t\treturn o;","\t\t\t}","\t\t\tif (toString.call(keyOrOptions) === '[object String]') {","\t\t\t\treturn isValidOption(keyOrOptions) && keyOrOptions in o ? o[keyOrOptions] : null;","\t\t\t}","\t\t\tfor (var key in o) {","\t\t\t\tif (isValidOption(key) && key in o && has.call(keyOrOptions, key)) {","\t\t\t\t\to[key] = keyOrOptions[key];","\t\t\t\t\tswitch (key) {","\t\t\t\t\t\tcase 'appSecret':","\t\t\t\t\t\tcase 'accessToken':","\t\t\t\t\t\t\to.appSecretProof = o.appSecret && o.accessToken ? getAppSecretProof(o.accessToken, o.appSecret) : null;","\t\t\t\t\t\t\tbreak;","\t\t\t\t\t}","\t\t\t\t}","\t\t\t}","\t\t}","","\t\t/**","   * Return a new instance of Facebook with a different set of options","   * that inherit unset options from the current instance.","   * @access public","   * @param {Object} [opts] Options to set","   */","","\t}, {","\t\tkey: 'extend',","\t\tvalue: function extend(opts) {","\t\t\treturn new Facebook(opts, this);","\t\t}","\t}, {","\t\tkey: 'getAccessToken',","\t\tvalue: function getAccessToken() {","\t\t\treturn this.options('accessToken');","\t\t}","\t}, {","\t\tkey: 'setAccessToken',","\t\tvalue: function setAccessToken(accessToken) {","\t\t\t// this method does not exist in fb js sdk","\t\t\tthis.options({ accessToken });","\t\t}","\t}, {","\t\tkey: 'withAccessToken',","\t\tvalue: function withAccessToken(accessToken) {","\t\t\treturn this.extend({ accessToken });","\t\t}","\t}]);","\treturn Facebook;","}(), (_applyDecoratedDescriptor(_class.prototype, 'api', [_coreDecorators.autobind], (0, _getOwnPropertyDescriptor2.default)(_class.prototype, 'api'), _class.prototype), _applyDecoratedDescriptor(_class.prototype, 'napi', [_coreDecorators.autobind], (0, _getOwnPropertyDescriptor2.default)(_class.prototype, 'napi'), _class.prototype), _applyDecoratedDescriptor(_class.prototype, 'parseSignedRequest', [_coreDecorators.autobind], (0, _getOwnPropertyDescriptor2.default)(_class.prototype, 'parseSignedRequest'), _class.prototype), _applyDecoratedDescriptor(_class.prototype, 'getLoginUrl', [_coreDecorators.autobind], (0, _getOwnPropertyDescriptor2.default)(_class.prototype, 'getLoginUrl'), _class.prototype), _applyDecoratedDescriptor(_class.prototype, 'options', [_coreDecorators.autobind], (0, _getOwnPropertyDescriptor2.default)(_class.prototype, 'options'), _class.prototype), _applyDecoratedDescriptor(_class.prototype, 'extend', [_coreDecorators.autobind], (0, _getOwnPropertyDescriptor2.default)(_class.prototype, 'extend'), _class.prototype), _applyDecoratedDescriptor(_class.prototype, 'getAccessToken', [_coreDecorators.autobind], (0, _getOwnPropertyDescriptor2.default)(_class.prototype, 'getAccessToken'), _class.prototype), _applyDecoratedDescriptor(_class.prototype, 'setAccessToken', [_coreDecorators.autobind], (0, _getOwnPropertyDescriptor2.default)(_class.prototype, 'setAccessToken'), _class.prototype), _applyDecoratedDescriptor(_class.prototype, 'withAccessToken', [_coreDecorators.autobind], (0, _getOwnPropertyDescriptor2.default)(_class.prototype, 'withAccessToken'), _class.prototype)), _class);","var FB = exports.FB = new Facebook();","exports.default = FB;","exports.Facebook = Facebook;","exports.FacebookApiException = _FacebookApiException2.default;","exports.version = version;"],"l":{"3":1,"6":1,"8":1,"10":1,"12":1,"14":1,"16":1,"18":1,"20":1,"22":1,"24":1,"26":1,"28":1,"30":1,"32":1,"34":1,"36":1,"38":1,"40":1,"42":1,"44":1,"46":1,"48":1,"50":1,"52":1,"54":1,"56":1,"58":1,"60":1,"62":1,"64":1,"66":1,"68":1,"70":1,"72":1,"74":1,"76":16,"78":1,"79":9,"80":9,"81":36,"83":9,"84":9,"86":9,"87":9,"90":9,"91":9,"94":9,"95":0,"96":0,"99":9,"100":9,"101":9,"104":9,"107":1,"116":0,"133":0,"136":0,"138":0,"139":0,"140":0,"141":0,"143":0,"144":0,"148":0,"151":0,"154":0,"155":0,"156":0,"157":0,"159":0,"160":0,"161":0,"162":0,"163":0,"165":0,"168":0,"169":0,"173":0,"176":0,"177":0,"178":0,"181":0,"182":0,"183":0,"188":0,"189":0,"190":0,"192":0,"197":1,"198":1,"199":1,"201":1,"202":1,"203":1,"205":1,"206":0,"208":1,"211":1,"212":0,"227":1,"230":0,"231":0,"261":0,"263":0,"264":0,"265":0,"266":0,"267":0,"268":0,"270":0,"276":0,"278":0,"294":0,"295":0,"329":0,"330":0,"331":0,"334":0,"361":0,"363":0,"364":0,"367":0,"368":0,"371":0,"372":0,"373":0,"374":0,"375":0,"376":0,"377":0,"378":0,"380":0,"381":0,"383":0,"386":0,"387":0,"390":0,"391":0,"394":0,"395":0,"396":0,"399":0,"415":0,"417":0,"418":0,"419":0,"420":0,"421":0,"422":0,"425":0,"426":0,"429":0,"430":0,"432":0,"434":0,"435":0,"436":0,"438":0,"439":0,"440":0,"441":0,"443":0,"444":0,"445":0,"449":0,"451":0,"452":0,"456":0,"457":0,"459":0,"460":0,"466":0,"467":0,"469":0,"470":0,"472":0,"473":0,"478":0,"479":0,"480":0,"481":0,"482":0,"484":0,"487":0,"488":0,"489":0,"494":0,"501":0,"522":0,"524":0,"525":0,"529":0,"538":0,"539":0,"540":0,"543":0,"544":0,"547":0,"549":0,"550":0,"551":0,"554":0,"556":0,"558":0,"559":0,"562":0,"563":0,"564":0,"567":0,"568":0,"570":0,"571":0,"574":0,"575":0,"576":0,"579":0,"580":0,"581":0,"584":0,"587":0,"589":0,"590":0,"591":0,"594":0,"606":0,"609":0,"618":0,"619":0,"622":0,"623":0,"626":0,"627":0,"630":0,"631":0,"634":0,"640":0,"641":0,"642":0,"644":0,"645":0,"647":0,"648":0,"649":0,"650":0,"653":0,"654":0,"670":0,"675":0,"681":0,"686":0,"689":1,"691":1,"692":1,"693":1,"694":1,"695":1}},"/home/travis/build/npmtest/node-npmtest-fb/node_modules/fb/lib/FacebookApiException.js":{"path":"/home/travis/build/npmtest/node-npmtest-fb/node_modules/fb/lib/FacebookApiException.js","s":{"1":1,"2":1,"3":1,"4":1,"5":1,"6":1,"7":1,"8":2,"9":1,"10":0,"11":0,"12":0,"13":0,"14":1},"b":{"1":[2,0],"2":[2,2],"3":[0,0]},"f":{"1":2,"2":0},"fnMap":{"1":{"name":"_interopRequireDefault","line":17,"loc":{"start":{"line":17,"column":0},"end":{"line":17,"column":37}}},"2":{"name":"FacebookApiException","line":19,"loc":{"start":{"line":19,"column":0},"end":{"line":19,"column":35}}}},"statementMap":{"1":{"start":{"line":3,"column":0},"end":{"line":5,"column":3}},"2":{"start":{"line":7,"column":0},"end":{"line":7,"column":61}},"3":{"start":{"line":9,"column":0},"end":{"line":9,"column":47}},"4":{"start":{"line":11,"column":0},"end":{"line":11,"column":65}},"5":{"start":{"line":13,"column":0},"end":{"line":13,"column":53}},"6":{"start":{"line":15,"column":0},"end":{"line":15,"column":39}},"7":{"start":{"line":17,"column":0},"end":{"line":17,"column":95}},"8":{"start":{"line":17,"column":39},"end":{"line":17,"column":93}},"9":{"start":{"line":19,"column":0},"end":{"line":24,"column":1}},"10":{"start":{"line":20,"column":1},"end":{"line":20,"column":36}},"11":{"start":{"line":21,"column":1},"end":{"line":21,"column":52}},"12":{"start":{"line":22,"column":1},"end":{"line":22,"column":21}},"13":{"start":{"line":23,"column":1},"end":{"line":23,"column":54}},"14":{"start":{"line":26,"column":0},"end":{"line":33,"column":3}}},"branchMap":{"1":{"line":17,"type":"cond-expr","locations":[{"start":{"line":17,"column":70},"end":{"line":17,"column":73}},{"start":{"line":17,"column":76},"end":{"line":17,"column":92}}]},"2":{"line":17,"type":"binary-expr","locations":[{"start":{"line":17,"column":46},"end":{"line":17,"column":49}},{"start":{"line":17,"column":53},"end":{"line":17,"column":67}}]},"3":{"line":21,"type":"binary-expr","locations":[{"start":{"line":21,"column":41},"end":{"line":21,"column":44}},{"start":{"line":21,"column":48},"end":{"line":21,"column":50}}]}},"code":["'use strict';","","Object.defineProperty(exports, \"__esModule\", {","\tvalue: true","});","","var _create = require('babel-runtime/core-js/object/create');","","var _create2 = _interopRequireDefault(_create);","","var _stringify = require('babel-runtime/core-js/json/stringify');","","var _stringify2 = _interopRequireDefault(_stringify);","","exports.default = FacebookApiException;","","function _interopRequireDefault(obj) { return obj && obj.__esModule ? obj : { default: obj }; }","","function FacebookApiException(res) {","\tthis.name = 'FacebookApiException';","\tthis.message = (0, _stringify2.default)(res || {});","\tthis.response = res;","\tError.captureStackTrace(this, this.constructor.name);","}","","FacebookApiException.prototype = (0, _create2.default)(Error.prototype, {","\tconstructor: {","\t\tvalue: FacebookApiException,","\t\tenumerable: false,","\t\twritable: true,","\t\tconfigurable: true","\t}","});"],"l":{"3":1,"7":1,"9":1,"11":1,"13":1,"15":1,"17":2,"19":1,"20":0,"21":0,"22":0,"23":0,"26":1}}}